Log file open, 04/01/19 11:49:47
LogWindows: Failed to load 'aqProf.dll' (GetLastError=126)
LogWindows: File 'aqProf.dll' does not exist
LogWindows: Failed to load 'VtuneApi.dll' (GetLastError=126)
LogWindows: File 'VtuneApi.dll' does not exist
LogWindows: Failed to load 'VtuneApi32e.dll' (GetLastError=126)
LogWindows: File 'VtuneApi32e.dll' does not exist
LogConsoleResponse: Display: Failed to find resolution value strings in scalability ini. Falling back to default.
LogInit: Display: Running engine for game: GameJamGroup4
LogPakFile: Registered encryption key '00000000000000000000000000000000': 0 pak files mounted, 0 remain pending
LogPlatformFile: Not using cached read wrapper
LogTaskGraph: Started task graph with 5 named threads and 11 total threads with 3 sets of task threads.
LogStats: Stats thread started at 1.208897
LogD3D11RHI: Loaded GFSDK_Aftermath_Lib.x64.dll
LogICUInternationalization: ICU TimeZone Detection - Raw Offset: +1:00, Platform Override: ''
LogPluginManager: Mounting plugin Paper2D
LogPluginManager: Mounting plugin AISupport
LogPluginManager: Mounting plugin LightPropagationVolume
LogPluginManager: Mounting plugin ActorLayerUtilities
LogPluginManager: Mounting plugin CLionSourceCodeAccess
LogPluginManager: Mounting plugin CodeLiteSourceCodeAccess
LogPluginManager: Mounting plugin GitSourceControl
LogPluginManager: Mounting plugin KDevelopSourceCodeAccess
LogPluginManager: Mounting plugin NullSourceCodeAccess
LogPluginManager: Mounting plugin PerforceSourceControl
LogPluginManager: Mounting plugin SubversionSourceControl
LogPluginManager: Mounting plugin UObjectPlugin
LogPluginManager: Mounting plugin VisualStudioCodeSourceCodeAccess
LogPluginManager: Mounting plugin VisualStudioSourceCodeAccess
LogPluginManager: Mounting plugin XCodeSourceCodeAccess
LogPluginManager: Mounting plugin AssetManagerEditor
LogPluginManager: Mounting plugin CryptoKeys
LogPluginManager: Mounting plugin DataValidation
LogPluginManager: Mounting plugin EditorScriptingUtilities
LogPluginManager: Mounting plugin FacialAnimation
LogPluginManager: Mounting plugin GameplayTagsEditor
LogPluginManager: Mounting plugin MacGraphicsSwitching
LogPluginManager: Mounting plugin MeshEditor
LogPluginManager: Mounting plugin MobileLauncherProfileWizard
LogPluginManager: Mounting plugin PluginBrowser
LogPluginManager: Mounting plugin SpeedTreeImporter
LogPluginManager: Mounting plugin DatasmithContent
LogPluginManager: Mounting plugin VariantManagerContent
LogPluginManager: Mounting plugin AlembicImporter
LogPluginManager: Mounting plugin AppleImageUtils
LogPluginManager: Mounting plugin AppleVision
LogPluginManager: Mounting plugin BackChannel
LogPluginManager: Mounting plugin CharacterAI
LogPluginManager: Mounting plugin GeometryCache
LogPluginManager: Mounting plugin HTML5Networking
LogPluginManager: Mounting plugin ProxyLODPlugin
LogPluginManager: Mounting plugin MagicLeap
LogPluginManager: Mounting plugin MagicLeapMedia
LogPluginManager: Mounting plugin AndroidMedia
LogPluginManager: Mounting plugin AvfMedia
LogPluginManager: Mounting plugin ImgMedia
LogPluginManager: Mounting plugin LinearTimecode
LogPluginManager: Mounting plugin MediaCompositing
LogPluginManager: Mounting plugin MediaPlayerEditor
LogPluginManager: Mounting plugin WebMMedia
LogPluginManager: Mounting plugin WmfMedia
LogPluginManager: Mounting plugin TcpMessaging
LogPluginManager: Mounting plugin UdpMessaging
LogPluginManager: Mounting plugin ActorSequence
LogPluginManager: Mounting plugin LevelSequenceEditor
LogPluginManager: Mounting plugin MatineeToLevelSequence
LogPluginManager: Mounting plugin NetcodeUnitTest
LogPluginManager: Mounting plugin NUTUnrealEngine4
LogPluginManager: Mounting plugin OnlineSubsystemGooglePlay
LogPluginManager: Mounting plugin OnlineSubsystemIOS
LogPluginManager: Mounting plugin OnlineSubsystem
LogPluginManager: Mounting plugin OnlineSubsystemNull
LogPluginManager: Mounting plugin OnlineSubsystemUtils
LogPluginManager: Mounting plugin LauncherChunkInstaller
LogPluginManager: Mounting plugin AndroidDeviceProfileSelector
LogPluginManager: Mounting plugin AndroidMoviePlayer
LogPluginManager: Mounting plugin AndroidPermission
LogPluginManager: Mounting plugin AppleMoviePlayer
LogPluginManager: Mounting plugin ArchVisCharacter
LogPluginManager: Mounting plugin AudioCapture
LogPluginManager: Mounting plugin CableComponent
LogPluginManager: Mounting plugin CustomMeshComponent
LogPluginManager: Mounting plugin EditableMesh
LogPluginManager: Mounting plugin ExampleDeviceProfileSelector
LogPluginManager: Mounting plugin Firebase
LogPluginManager: Mounting plugin GoogleCloudMessaging
LogPluginManager: Mounting plugin IOSDeviceProfileSelector
LogPluginManager: Mounting plugin LinuxDeviceProfileSelector
LogPluginManager: Mounting plugin LocationServicesBPLibrary
LogPluginManager: Mounting plugin MobilePatchingUtils
LogPluginManager: Mounting plugin OculusVR
LogPluginManager: Mounting plugin PhysXVehicles
LogPluginManager: Mounting plugin ProceduralMeshComponent
LogPluginManager: Mounting plugin RuntimePhysXCooking
LogPluginManager: Mounting plugin SteamVR
LogPluginManager: Mounting plugin WebMMoviePlayer
LogPluginManager: Mounting plugin WindowsMoviePlayer
LogPluginManager: Mounting plugin DatasmithCADImporter
LogPluginManager: Mounting plugin DatasmithFBXImporter
LogPluginManager: Mounting plugin DatasmithImporter
LogPluginManager: Mounting plugin MDLImporter
LogPluginManager: Mounting plugin StaticMeshEditorExtension
LogPluginManager: Mounting plugin VariantManager
LogStreaming: Display: Took  0.201s to configure plugins.
LogInit: Using libcurl 7.55.1-DEV
LogInit:  - built for x86_64-pc-win32
LogInit:  - supports SSL with OpenSSL/1.0.2h
LogInit:  - supports HTTP deflate (compression) using libz 1.2.8
LogInit:  - other features:
LogInit:      CURL_VERSION_SSL
LogInit:      CURL_VERSION_LIBZ
LogInit:      CURL_VERSION_IPV6
LogInit:      CURL_VERSION_ASYNCHDNS
LogInit:      CURL_VERSION_LARGEFILE
LogInit:      CURL_VERSION_IDN
LogInit:  CurlRequestOptions (configurable via config and command line):
LogInit:  - bVerifyPeer = true  - Libcurl will verify peer certificate
LogInit:  - bUseHttpProxy = false  - Libcurl will NOT use HTTP proxy
LogInit:  - bDontReuseConnections = false  - Libcurl will reuse connections
LogInit:  - MaxHostConnections = 16  - Libcurl will limit the number of connections to a host
LogInit:  - LocalHostAddr = Default
LogInit:  - BufferSize = 65536
LogInit: WinSock: version 1.1 (2.2), MaxSocks=32767, MaxUdp=65467
LogInit: Build: ++UE4+Release-4.21-CL-4753647
LogInit: Engine Version: 4.21.2-4753647+++UE4+Release-4.21
LogInit: Compatible Engine Version: 4.21.0-4541578+++UE4+Release-4.21
LogInit: Net CL: 4541578
LogInit: OS: Windows 10 (), CPU: Intel(R) Core(TM) i5-7200U CPU @ 2.50GHz, GPU: Intel(R) HD Graphics 620
LogInit: Compiled (64-bit): Jan 19 2019 02:07:31
LogInit: Compiled with Visual C++: 19.13.26129.00
LogInit: Build Configuration: Development
LogInit: Branch Name: ++UE4+Release-4.21
LogInit: Command Line: 
LogInit: Base Directory: C:/Program Files/Epic Games/UE_4.21/Engine/Binaries/Win64/
LogInit: Installed Engine Build: 1
LogDevObjectVersion: Number of dev versions registered: 22
LogDevObjectVersion:   Dev-Blueprints (B0D832E4-1F89-4F0D-ACCF-7EB736FD4AA2): 10
LogDevObjectVersion:   Dev-Build (E1C64328-A22C-4D53-A36C-8E866417BD8C): 0
LogDevObjectVersion:   Dev-Core (375EC13C-06E4-48FB-B500-84F0262A717E): 2
LogDevObjectVersion:   Dev-Editor (E4B068ED-F494-42E9-A231-DA0B2E46BB41): 26
LogDevObjectVersion:   Dev-Framework (CFFC743F-43B0-4480-9391-14DF171D2073): 34
LogDevObjectVersion:   Dev-Mobile (B02B49B5-BB20-44E9-A304-32B752E40360): 2
LogDevObjectVersion:   Dev-Networking (A4E4105C-59A1-49B5-A7C5-40C4547EDFEE): 0
LogDevObjectVersion:   Dev-Online (39C831C9-5AE6-47DC-9A44-9C173E1C8E7C): 0
LogDevObjectVersion:   Dev-Physics (78F01B33-EBEA-4F98-B9B4-84EACCB95AA2): 0
LogDevObjectVersion:   Dev-Platform (6631380F-2D4D-43E0-8009-CF276956A95A): 0
LogDevObjectVersion:   Dev-Rendering (12F88B9F-8875-4AFC-A67C-D90C383ABD29): 27
LogDevObjectVersion:   Dev-Sequencer (7B5AE74C-D270-4C10-A958-57980B212A5A): 9
LogDevObjectVersion:   Dev-VR (D7296918-1DD6-4BDD-9DE2-64A83CC13884): 2
LogDevObjectVersion:   Dev-LoadTimes (C2A15278-BFE7-4AFE-6C17-90FF531DF755): 1
LogDevObjectVersion:   Private-Geometry (6EACA3D4-40EC-4CC1-B786-8BED09428FC5): 3
LogDevObjectVersion:   Dev-AnimPhys (29E575DD-E0A3-4627-9D10-D276232CDCEA): 17
LogDevObjectVersion:   Dev-Anim (AF43A65D-7FD3-4947-9873-3E8ED9C1BB05): 2
LogDevObjectVersion:   Dev-ReflectionCapture (6B266CEC-1EC7-4B8F-A30B-E4D90942FC07): 1
LogDevObjectVersion:   Dev-Automation (0DF73D61-A23F-47EA-B727-89E90C41499A): 1
LogDevObjectVersion:   FortniteMain (601D1886-AC64-4F84-AA16-D3DE0DEAC7D6): 17
LogDevObjectVersion:   Dev-Enterprise (9DFFBCD6-494F-0158-E221-12823C92A888): 4
LogDevObjectVersion:   Dev-Niagara (F2AED0AC-9AFE-416F-8664-AA7FFA26D6FC): 1
LogStreaming: Display: Took  0.001s to delete old logs.
LogInit: Presizing for max 8388607 objects, including 0 objects not considered by GC, pre-allocating 0 bytes for permanent pool.
LogInit: Object subsystem initialized
LogConfig: Setting CVar [[con.DebugEarlyDefault:1]]
LogConfig: Setting CVar [[r.setres:1280x720]]
[2019.04.01-09.49.48:787][  0]LogConfig: Setting CVar [[r.VSync:0]]
[2019.04.01-09.49.48:787][  0]LogConfig: Setting CVar [[r.RHICmdBypass:0]]
[2019.04.01-09.49.48:787][  0]LogConfig: Applying CVar settings from Section [/Script/Engine.RendererSettings] File [C:/Desktop/GitDingen/GameJamGroup4/GameJamGroup4/Saved/Config/Windows/Engine.ini]
[2019.04.01-09.49.48:787][  0]LogConfig: Setting CVar [[r.GPUCrashDebugging:0]]
[2019.04.01-09.49.48:787][  0]LogConfig: Applying CVar settings from Section [/Script/Engine.RendererOverrideSettings] File [C:/Desktop/GitDingen/GameJamGroup4/GameJamGroup4/Saved/Config/Windows/Engine.ini]
[2019.04.01-09.49.48:787][  0]LogConfig: Applying CVar settings from Section [/Script/Engine.StreamingSettings] File [C:/Desktop/GitDingen/GameJamGroup4/GameJamGroup4/Saved/Config/Windows/Engine.ini]
[2019.04.01-09.49.48:787][  0]LogConfig: Setting CVar [[s.MinBulkDataSizeForAsyncLoading:131072]]
[2019.04.01-09.49.48:787][  0]LogConfig: Setting CVar [[s.AsyncLoadingThreadEnabled:0]]
[2019.04.01-09.49.48:787][  0]LogConfig: Setting CVar [[s.EventDrivenLoaderEnabled:1]]
[2019.04.01-09.49.48:787][  0]LogConfig: Setting CVar [[s.WarnIfTimeLimitExceeded:0]]
[2019.04.01-09.49.48:788][  0]LogConfig: Setting CVar [[s.TimeLimitExceededMultiplier:1.5]]
[2019.04.01-09.49.48:788][  0]LogConfig: Setting CVar [[s.TimeLimitExceededMinTime:0.005]]
[2019.04.01-09.49.48:788][  0]LogConfig: Setting CVar [[s.UseBackgroundLevelStreaming:1]]
[2019.04.01-09.49.48:788][  0]LogConfig: Setting CVar [[s.PriorityAsyncLoadingExtraTime:15.0]]
[2019.04.01-09.49.48:788][  0]LogConfig: Setting CVar [[s.LevelStreamingActorsUpdateTimeLimit:5.0]]
[2019.04.01-09.49.48:788][  0]LogConfig: Setting CVar [[s.PriorityLevelStreamingActorsUpdateExtraTime:5.0]]
[2019.04.01-09.49.48:788][  0]LogConfig: Setting CVar [[s.LevelStreamingComponentsRegistrationGranularity:10]]
[2019.04.01-09.49.48:788][  0]LogConfig: Setting CVar [[s.UnregisterComponentsTimeLimit:1.0]]
[2019.04.01-09.49.48:788][  0]LogConfig: Setting CVar [[s.LevelStreamingComponentsUnregistrationGranularity:5]]
[2019.04.01-09.49.48:788][  0]LogConfig: Applying CVar settings from Section [/Script/Engine.GarbageCollectionSettings] File [C:/Desktop/GitDingen/GameJamGroup4/GameJamGroup4/Saved/Config/Windows/Engine.ini]
[2019.04.01-09.49.48:788][  0]LogConfig: Setting CVar [[gc.MaxObjectsNotConsideredByGC:1]]
[2019.04.01-09.49.48:788][  0]LogConfig: Setting CVar [[gc.SizeOfPermanentObjectPool:0]]
[2019.04.01-09.49.48:788][  0]LogConfig: Setting CVar [[gc.FlushStreamingOnGC:0]]
[2019.04.01-09.49.48:788][  0]LogConfig: Setting CVar [[gc.NumRetriesBeforeForcingGC:10]]
[2019.04.01-09.49.48:788][  0]LogConfig: Setting CVar [[gc.AllowParallelGC:1]]
[2019.04.01-09.49.48:788][  0]LogConfig: Setting CVar [[gc.TimeBetweenPurgingPendingKillObjects:61.1]]
[2019.04.01-09.49.48:788][  0]LogConfig: Setting CVar [[gc.MaxObjectsInEditor:8388607]]
[2019.04.01-09.49.48:788][  0]LogConfig: Setting CVar [[gc.IncrementalBeginDestroyEnabled:1]]
[2019.04.01-09.49.48:788][  0]LogConfig: Setting CVar [[gc.CreateGCClusters:1]]
[2019.04.01-09.49.48:788][  0]LogConfig: Setting CVar [[gc.MergeGCClusters:0]]
[2019.04.01-09.49.48:788][  0]LogConfig: Setting CVar [[gc.MinGCClusterSize:5]]
[2019.04.01-09.49.48:788][  0]LogConfig: Setting CVar [[gc.ActorClusteringEnabled:0]]
[2019.04.01-09.49.48:788][  0]LogConfig: Setting CVar [[gc.BlueprintClusteringEnabled:0]]
[2019.04.01-09.49.48:788][  0]LogConfig: Setting CVar [[gc.UseDisregardForGCOnDedicatedServers:0]]
[2019.04.01-09.49.48:788][  0]LogConfig: Applying CVar settings from Section [/Script/Engine.NetworkSettings] File [C:/Desktop/GitDingen/GameJamGroup4/GameJamGroup4/Saved/Config/Windows/Engine.ini]
[2019.04.01-09.49.48:788][  0]LogConfig: Applying CVar settings from Section [/Script/UnrealEd.CookerSettings] File [C:/Desktop/GitDingen/GameJamGroup4/GameJamGroup4/Saved/Config/Windows/Engine.ini]
[2019.04.01-09.49.48:798][  0]LogConfig: Applying CVar settings from Section [ViewDistanceQuality@3] File [C:/Desktop/GitDingen/GameJamGroup4/GameJamGroup4/Saved/Config/Windows/Scalability.ini]
[2019.04.01-09.49.48:798][  0]LogConfig: Setting CVar [[r.SkeletalMeshLODBias:0]]
[2019.04.01-09.49.48:798][  0]LogConfig: Setting CVar [[r.ViewDistanceScale:1.0]]
[2019.04.01-09.49.48:798][  0]LogConfig: Applying CVar settings from Section [AntiAliasingQuality@3] File [C:/Desktop/GitDingen/GameJamGroup4/GameJamGroup4/Saved/Config/Windows/Scalability.ini]
[2019.04.01-09.49.48:798][  0]LogConfig: Setting CVar [[r.PostProcessAAQuality:4]]
[2019.04.01-09.49.48:798][  0]LogConfig: Applying CVar settings from Section [ShadowQuality@3] File [C:/Desktop/GitDingen/GameJamGroup4/GameJamGroup4/Saved/Config/Windows/Scalability.ini]
[2019.04.01-09.49.48:798][  0]LogConfig: Setting CVar [[r.LightFunctionQuality:1]]
[2019.04.01-09.49.48:798][  0]LogConfig: Setting CVar [[r.ShadowQuality:5]]
[2019.04.01-09.49.48:798][  0]LogConfig: Setting CVar [[r.Shadow.CSM.MaxCascades:10]]
[2019.04.01-09.49.48:798][  0]LogConfig: Setting CVar [[r.Shadow.MaxResolution:2048]]
[2019.04.01-09.49.48:799][  0]LogConfig: Setting CVar [[r.Shadow.MaxCSMResolution:2048]]
[2019.04.01-09.49.48:799][  0]LogConfig: Setting CVar [[r.Shadow.RadiusThreshold:0.01]]
[2019.04.01-09.49.48:799][  0]LogConfig: Setting CVar [[r.Shadow.DistanceScale:1.0]]
[2019.04.01-09.49.48:799][  0]LogConfig: Setting CVar [[r.Shadow.CSM.TransitionScale:1.0]]
[2019.04.01-09.49.48:799][  0]LogConfig: Setting CVar [[r.Shadow.PreShadowResolutionFactor:1.0]]
[2019.04.01-09.49.48:799][  0]LogConfig: Setting CVar [[r.DistanceFieldShadowing:1]]
[2019.04.01-09.49.48:799][  0]LogConfig: Setting CVar [[r.DistanceFieldAO:1]]
[2019.04.01-09.49.48:799][  0]LogConfig: Setting CVar [[r.AOQuality:2]]
[2019.04.01-09.49.48:799][  0]LogConfig: Setting CVar [[r.VolumetricFog:1]]
[2019.04.01-09.49.48:799][  0]LogConfig: Setting CVar [[r.VolumetricFog.GridPixelSize:8]]
[2019.04.01-09.49.48:799][  0]LogConfig: Setting CVar [[r.VolumetricFog.GridSizeZ:128]]
[2019.04.01-09.49.48:799][  0]LogConfig: Setting CVar [[r.VolumetricFog.HistoryMissSupersampleCount:4]]
[2019.04.01-09.49.48:799][  0]LogConfig: Setting CVar [[r.LightMaxDrawDistanceScale:1]]
[2019.04.01-09.49.48:799][  0]LogConfig: Setting CVar [[r.CapsuleShadows:1]]
[2019.04.01-09.49.48:799][  0]LogConfig: Applying CVar settings from Section [PostProcessQuality@3] File [C:/Desktop/GitDingen/GameJamGroup4/GameJamGroup4/Saved/Config/Windows/Scalability.ini]
[2019.04.01-09.49.48:799][  0]LogConfig: Setting CVar [[r.MotionBlurQuality:4]]
[2019.04.01-09.49.48:799][  0]LogConfig: Setting CVar [[r.AmbientOcclusionMipLevelFactor:0.4]]
[2019.04.01-09.49.48:799][  0]LogConfig: Setting CVar [[r.AmbientOcclusionMaxQuality:100]]
[2019.04.01-09.49.48:799][  0]LogConfig: Setting CVar [[r.AmbientOcclusionLevels:-1]]
[2019.04.01-09.49.48:799][  0]LogConfig: Setting CVar [[r.AmbientOcclusionRadiusScale:1.0]]
[2019.04.01-09.49.48:799][  0]LogConfig: Setting CVar [[r.DepthOfFieldQuality:2]]
[2019.04.01-09.49.48:799][  0]LogConfig: Setting CVar [[r.RenderTargetPoolMin:400]]
[2019.04.01-09.49.48:799][  0]LogConfig: Setting CVar [[r.LensFlareQuality:2]]
[2019.04.01-09.49.48:799][  0]LogConfig: Setting CVar [[r.SceneColorFringeQuality:1]]
[2019.04.01-09.49.48:799][  0]LogConfig: Setting CVar [[r.EyeAdaptationQuality:2]]
[2019.04.01-09.49.48:799][  0]LogConfig: Setting CVar [[r.BloomQuality:5]]
[2019.04.01-09.49.48:799][  0]LogConfig: Setting CVar [[r.FastBlurThreshold:100]]
[2019.04.01-09.49.48:799][  0]LogConfig: Setting CVar [[r.Upscale.Quality:3]]
[2019.04.01-09.49.48:799][  0]LogConfig: Setting CVar [[r.Tonemapper.GrainQuantization:1]]
[2019.04.01-09.49.48:799][  0]LogConfig: Setting CVar [[r.LightShaftQuality:1]]
[2019.04.01-09.49.48:799][  0]LogConfig: Setting CVar [[r.Filter.SizeScale:1]]
[2019.04.01-09.49.48:799][  0]LogConfig: Setting CVar [[r.Tonemapper.Quality:5]]
[2019.04.01-09.49.48:799][  0]LogConfig: Setting CVar [[r.DOF.Gather.AccumulatorQuality:1        ; higher gathering accumulator quality]]
[2019.04.01-09.49.48:799][  0]LogConfig: Setting CVar [[r.DOF.Gather.PostfilterMethod:1          ; Median3x3 postfilering method]]
[2019.04.01-09.49.48:799][  0]LogConfig: Setting CVar [[r.DOF.Gather.EnableBokehSettings:0       ; no bokeh simulation when gathering]]
[2019.04.01-09.49.48:799][  0]LogConfig: Setting CVar [[r.DOF.Gather.RingCount:4                 ; medium number of samples when gathering]]
[2019.04.01-09.49.48:799][  0]LogConfig: Setting CVar [[r.DOF.Scatter.ForegroundCompositing:1    ; additive foreground scattering]]
[2019.04.01-09.49.48:799][  0]LogConfig: Setting CVar [[r.DOF.Scatter.BackgroundCompositing:2    ; additive background scattering]]
[2019.04.01-09.49.48:799][  0]LogConfig: Setting CVar [[r.DOF.Scatter.EnableBokehSettings:1      ; bokeh simulation when scattering]]
[2019.04.01-09.49.48:799][  0]LogConfig: Setting CVar [[r.DOF.Scatter.MaxSpriteRatio:0.1         ; only a maximum of 10% of scattered bokeh]]
[2019.04.01-09.49.48:799][  0]LogConfig: Setting CVar [[r.DOF.Recombine.Quality:1                ; cheap slight out of focus]]
[2019.04.01-09.49.48:799][  0]LogConfig: Setting CVar [[r.DOF.Recombine.EnableBokehSettings:0    ; no bokeh simulation on slight out of focus]]
[2019.04.01-09.49.48:799][  0]LogConfig: Setting CVar [[r.DOF.TemporalAAQuality:1                ; more stable temporal accumulation]]
[2019.04.01-09.49.48:799][  0]LogConfig: Setting CVar [[r.DOF.Kernel.MaxForegroundRadius:0.025]]
[2019.04.01-09.49.48:800][  0]LogConfig: Setting CVar [[r.DOF.Kernel.MaxBackgroundRadius:0.025]]
[2019.04.01-09.49.48:800][  0]LogConfig: Applying CVar settings from Section [TextureQuality@3] File [C:/Desktop/GitDingen/GameJamGroup4/GameJamGroup4/Saved/Config/Windows/Scalability.ini]
[2019.04.01-09.49.48:800][  0]LogConfig: Setting CVar [[r.Streaming.MipBias:0]]
[2019.04.01-09.49.48:800][  0]LogConfig: Setting CVar [[r.Streaming.AmortizeCPUToGPUCopy:0]]
[2019.04.01-09.49.48:800][  0]LogConfig: Setting CVar [[r.Streaming.MaxNumTexturesToStreamPerFrame:0]]
[2019.04.01-09.49.48:800][  0]LogConfig: Setting CVar [[r.Streaming.Boost:1]]
[2019.04.01-09.49.48:800][  0]LogConfig: Setting CVar [[r.MaxAnisotropy:8]]
[2019.04.01-09.49.48:800][  0]LogConfig: Setting CVar [[r.Streaming.LimitPoolSizeToVRAM:0]]
[2019.04.01-09.49.48:800][  0]LogConfig: Setting CVar [[r.Streaming.PoolSize:1000]]
[2019.04.01-09.49.48:800][  0]LogConfig: Setting CVar [[r.Streaming.MaxEffectiveScreenSize:0]]
[2019.04.01-09.49.48:800][  0]LogConfig: Applying CVar settings from Section [EffectsQuality@3] File [C:/Desktop/GitDingen/GameJamGroup4/GameJamGroup4/Saved/Config/Windows/Scalability.ini]
[2019.04.01-09.49.48:800][  0]LogConfig: Setting CVar [[r.TranslucencyLightingVolumeDim:64]]
[2019.04.01-09.49.48:800][  0]LogConfig: Setting CVar [[r.RefractionQuality:2]]
[2019.04.01-09.49.48:800][  0]LogConfig: Setting CVar [[r.SSR.Quality:3]]
[2019.04.01-09.49.48:800][  0]LogConfig: Setting CVar [[r.SceneColorFormat:4]]
[2019.04.01-09.49.48:800][  0]LogConfig: Setting CVar [[r.DetailMode:2]]
[2019.04.01-09.49.48:800][  0]LogConfig: Setting CVar [[r.TranslucencyVolumeBlur:1]]
[2019.04.01-09.49.48:800][  0]LogConfig: Setting CVar [[r.MaterialQualityLevel:1 ; High quality]]
[2019.04.01-09.49.48:800][  0]LogConfig: Setting CVar [[r.SSS.Scale:1]]
[2019.04.01-09.49.48:800][  0]LogConfig: Setting CVar [[r.SSS.SampleSet:2]]
[2019.04.01-09.49.48:800][  0]LogConfig: Setting CVar [[r.SSS.Quality:1]]
[2019.04.01-09.49.48:800][  0]LogConfig: Setting CVar [[r.SSS.HalfRes:1]]
[2019.04.01-09.49.48:800][  0]LogConfig: Setting CVar [[r.EmitterSpawnRateScale:1.0]]
[2019.04.01-09.49.48:800][  0]LogConfig: Setting CVar [[r.ParticleLightQuality:2]]
[2019.04.01-09.49.48:800][  0]LogConfig: Applying CVar settings from Section [FoliageQuality@3] File [C:/Desktop/GitDingen/GameJamGroup4/GameJamGroup4/Saved/Config/Windows/Scalability.ini]
[2019.04.01-09.49.48:800][  0]LogConfig: Setting CVar [[foliage.DensityScale:1.0]]
[2019.04.01-09.49.48:800][  0]LogConfig: Setting CVar [[grass.DensityScale:1.0]]
[2019.04.01-09.49.48:802][  0]LogInit: Selected Device Profile: [Windows]
[2019.04.01-09.49.48:802][  0]LogInit: Applying CVar settings loaded from the selected device profile: [Windows]
[2019.04.01-09.49.48:817][  0]LogHAL: Display: Platform has ~ 8 GB [8502808576 / 8589934592 / 8], which maps to Default [LargestMinGB=32, LargerMinGB=12, DefaultMinGB=8, SmallerMinGB=6, SmallestMinGB=0)
[2019.04.01-09.49.48:818][  0]LogConfig: Setting CVar [[r.Vulkan.UseRealUBs:1]]
[2019.04.01-09.49.48:819][  0]LogInit: Going up to parent DeviceProfile []
[2019.04.01-09.49.48:819][  0]LogConfig: Applying CVar settings from Section [ViewDistanceQuality@0] File [C:/Desktop/GitDingen/GameJamGroup4/GameJamGroup4/Saved/Config/Windows/Scalability.ini]
[2019.04.01-09.49.48:819][  0]LogConfig: Setting CVar [[r.SkeletalMeshLODBias:2]]
[2019.04.01-09.49.48:819][  0]LogConfig: Setting CVar [[r.ViewDistanceScale:0.4]]
[2019.04.01-09.49.48:819][  0]LogConfig: Applying CVar settings from Section [AntiAliasingQuality@0] File [C:/Desktop/GitDingen/GameJamGroup4/GameJamGroup4/Saved/Config/Windows/Scalability.ini]
[2019.04.01-09.49.48:819][  0]LogConfig: Setting CVar [[r.PostProcessAAQuality:0]]
[2019.04.01-09.49.48:819][  0]LogConfig: Applying CVar settings from Section [ShadowQuality@0] File [C:/Desktop/GitDingen/GameJamGroup4/GameJamGroup4/Saved/Config/Windows/Scalability.ini]
[2019.04.01-09.49.48:819][  0]LogConfig: Setting CVar [[r.LightFunctionQuality:0]]
[2019.04.01-09.49.48:819][  0]LogConfig: Setting CVar [[r.ShadowQuality:0]]
[2019.04.01-09.49.48:819][  0]LogConfig: Setting CVar [[r.Shadow.CSM.MaxCascades:1]]
[2019.04.01-09.49.48:819][  0]LogConfig: Setting CVar [[r.Shadow.MaxResolution:512]]
[2019.04.01-09.49.48:819][  0]LogConfig: Setting CVar [[r.Shadow.MaxCSMResolution:512]]
[2019.04.01-09.49.48:819][  0]LogConfig: Setting CVar [[r.Shadow.RadiusThreshold:0.06]]
[2019.04.01-09.49.48:820][  0]LogConfig: Setting CVar [[r.Shadow.DistanceScale:0.6]]
[2019.04.01-09.49.48:820][  0]LogConfig: Setting CVar [[r.Shadow.CSM.TransitionScale:0]]
[2019.04.01-09.49.48:820][  0]LogConfig: Setting CVar [[r.Shadow.PreShadowResolutionFactor:0.5]]
[2019.04.01-09.49.48:820][  0]LogConfig: Setting CVar [[r.DistanceFieldShadowing:0]]
[2019.04.01-09.49.48:820][  0]LogConfig: Setting CVar [[r.DistanceFieldAO:0]]
[2019.04.01-09.49.48:820][  0]LogConfig: Setting CVar [[r.VolumetricFog:0]]
[2019.04.01-09.49.48:820][  0]LogConfig: Setting CVar [[r.LightMaxDrawDistanceScale:0]]
[2019.04.01-09.49.48:820][  0]LogConfig: Setting CVar [[r.CapsuleShadows:0]]
[2019.04.01-09.49.48:820][  0]LogConfig: Applying CVar settings from Section [PostProcessQuality@0] File [C:/Desktop/GitDingen/GameJamGroup4/GameJamGroup4/Saved/Config/Windows/Scalability.ini]
[2019.04.01-09.49.48:820][  0]LogConfig: Setting CVar [[r.MotionBlurQuality:0]]
[2019.04.01-09.49.48:820][  0]LogConfig: Setting CVar [[r.AmbientOcclusionMipLevelFactor:1.0]]
[2019.04.01-09.49.48:820][  0]LogConfig: Setting CVar [[r.AmbientOcclusionMaxQuality:0]]
[2019.04.01-09.49.48:820][  0]LogConfig: Setting CVar [[r.AmbientOcclusionLevels:0]]
[2019.04.01-09.49.48:820][  0]LogConfig: Setting CVar [[r.AmbientOcclusionRadiusScale:1.2]]
[2019.04.01-09.49.48:820][  0]LogConfig: Setting CVar [[r.DepthOfFieldQuality:0]]
[2019.04.01-09.49.48:820][  0]LogConfig: Setting CVar [[r.RenderTargetPoolMin:300]]
[2019.04.01-09.49.48:820][  0]LogConfig: Setting CVar [[r.LensFlareQuality:0]]
[2019.04.01-09.49.48:820][  0]LogConfig: Setting CVar [[r.SceneColorFringeQuality:0]]
[2019.04.01-09.49.48:820][  0]LogConfig: Setting CVar [[r.EyeAdaptationQuality:0]]
[2019.04.01-09.49.48:820][  0]LogConfig: Setting CVar [[r.BloomQuality:4]]
[2019.04.01-09.49.48:820][  0]LogConfig: Setting CVar [[r.FastBlurThreshold:0]]
[2019.04.01-09.49.48:820][  0]LogConfig: Setting CVar [[r.Upscale.Quality:1]]
[2019.04.01-09.49.48:820][  0]LogConfig: Setting CVar [[r.Tonemapper.GrainQuantization:0]]
[2019.04.01-09.49.48:820][  0]LogConfig: Setting CVar [[r.LightShaftQuality:0]]
[2019.04.01-09.49.48:820][  0]LogConfig: Setting CVar [[r.Filter.SizeScale:0.6]]
[2019.04.01-09.49.48:820][  0]LogConfig: Setting CVar [[r.Tonemapper.Quality:0]]
[2019.04.01-09.49.48:820][  0]LogConfig: Applying CVar settings from Section [TextureQuality@0] File [C:/Desktop/GitDingen/GameJamGroup4/GameJamGroup4/Saved/Config/Windows/Scalability.ini]
[2019.04.01-09.49.48:820][  0]LogConfig: Setting CVar [[r.Streaming.MipBias:16]]
[2019.04.01-09.49.48:820][  0]LogConfig: Setting CVar [[r.Streaming.AmortizeCPUToGPUCopy:1]]
[2019.04.01-09.49.48:820][  0]LogConfig: Setting CVar [[r.Streaming.MaxNumTexturesToStreamPerFrame:1]]
[2019.04.01-09.49.48:820][  0]LogConfig: Setting CVar [[r.Streaming.Boost:0.3]]
[2019.04.01-09.49.48:820][  0]LogConfig: Setting CVar [[r.MaxAnisotropy:0]]
[2019.04.01-09.49.48:820][  0]LogConfig: Setting CVar [[r.Streaming.LimitPoolSizeToVRAM:1]]
[2019.04.01-09.49.48:820][  0]LogConfig: Setting CVar [[r.Streaming.PoolSize:400]]
[2019.04.01-09.49.48:820][  0]LogConfig: Setting CVar [[r.Streaming.MaxEffectiveScreenSize:0]]
[2019.04.01-09.49.48:820][  0]LogConfig: Applying CVar settings from Section [EffectsQuality@0] File [C:/Desktop/GitDingen/GameJamGroup4/GameJamGroup4/Saved/Config/Windows/Scalability.ini]
[2019.04.01-09.49.48:820][  0]LogConfig: Setting CVar [[r.TranslucencyLightingVolumeDim:24]]
[2019.04.01-09.49.48:820][  0]LogConfig: Setting CVar [[r.RefractionQuality:0]]
[2019.04.01-09.49.48:820][  0]LogConfig: Setting CVar [[r.SSR.Quality:0]]
[2019.04.01-09.49.48:820][  0]LogConfig: Setting CVar [[r.SceneColorFormat:3]]
[2019.04.01-09.49.48:820][  0]LogConfig: Setting CVar [[r.DetailMode:0]]
[2019.04.01-09.49.48:820][  0]LogConfig: Setting CVar [[r.TranslucencyVolumeBlur:0]]
[2019.04.01-09.49.48:820][  0]LogConfig: Setting CVar [[r.MaterialQualityLevel:0 ; Low quality]]
[2019.04.01-09.49.48:820][  0]LogConfig: Setting CVar [[r.SSS.Scale:0]]
[2019.04.01-09.49.48:820][  0]LogConfig: Setting CVar [[r.SSS.SampleSet:0]]
[2019.04.01-09.49.48:820][  0]LogConfig: Setting CVar [[r.SSS.Quality:0]]
[2019.04.01-09.49.48:820][  0]LogConfig: Setting CVar [[r.SSS.HalfRes:1]]
[2019.04.01-09.49.48:820][  0]LogConfig: Setting CVar [[r.EmitterSpawnRateScale:0.125]]
[2019.04.01-09.49.48:820][  0]LogConfig: Setting CVar [[r.ParticleLightQuality:0]]
[2019.04.01-09.49.48:820][  0]LogConfig: Applying CVar settings from Section [FoliageQuality@0] File [C:/Desktop/GitDingen/GameJamGroup4/GameJamGroup4/Saved/Config/Windows/Scalability.ini]
[2019.04.01-09.49.48:820][  0]LogConfig: Setting CVar [[foliage.DensityScale:0]]
[2019.04.01-09.49.48:820][  0]LogConfig: Setting CVar [[grass.DensityScale:0]]
[2019.04.01-09.49.48:820][  0]LogConfig: Applying CVar settings from Section [Startup] File [../../../Engine/Config/ConsoleVariables.ini]
[2019.04.01-09.49.48:821][  0]LogConfig: Setting CVar [[net.UseAdaptiveNetUpdateFrequency:0]]
[2019.04.01-09.49.48:821][  0]LogConfig: Applying CVar settings from Section [ConsoleVariables] File [C:/Desktop/GitDingen/GameJamGroup4/GameJamGroup4/Saved/Config/Windows/Engine.ini]
[2019.04.01-09.49.48:824][  0]LogInit: Computer: LAPTOP-590P4A2Q
[2019.04.01-09.49.48:824][  0]LogInit: User: Luc
[2019.04.01-09.49.48:824][  0]LogInit: CPU Page size=4096, Cores=2
[2019.04.01-09.49.48:824][  0]LogInit: High frequency timer resolution =2.648435 MHz
[2019.04.01-09.49.48:825][  0]LogMemory: Memory total: Physical=7.9GB (8GB approx)
[2019.04.01-09.49.48:825][  0]LogMemory: Platform Memory Stats for Windows
[2019.04.01-09.49.48:825][  0]LogMemory: Process Physical Memory: 103.13 MB used, 103.13 MB peak
[2019.04.01-09.49.48:825][  0]LogMemory: Process Virtual Memory: 92.74 MB used, 92.74 MB peak
[2019.04.01-09.49.48:825][  0]LogMemory: Physical Memory: 6957.45 MB used,  1151.46 MB free, 8108.91 MB total
[2019.04.01-09.49.48:825][  0]LogMemory: Virtual Memory: 4622.62 MB used,  134213104.00 MB free, 134217728.00 MB total
[2019.04.01-09.49.48:983][  0]LogInit: Using OS detected language (nl-NL).
[2019.04.01-09.49.48:983][  0]LogInit: Using OS detected locale (nl-NL).
[2019.04.01-09.49.48:990][  0]LogTextLocalizationManager: No localization for 'nl-NL' exists, so 'en' will be used for the language.
[2019.04.01-09.49.49:709][  0]LogStreaming: Display: Took  0.727s to InitEngineTextLocalization.
[2019.04.01-09.49.49:710][  0]LogInit: Setting process to per monitor DPI aware
[2019.04.01-09.49.49:806][  0]LogSlate: New Slate User Created.  User Index 0, Is Virtual User: 0
[2019.04.01-09.49.49:806][  0]LogSlate: Slate User Registered.  User Index 0, Is Virtual User: 0
[2019.04.01-09.49.50:541][  0]LogHMD: Failed to initialize OpenVR with code 110
[2019.04.01-09.49.50:542][  0]LogD3D11RHI: D3D11 adapters:
[2019.04.01-09.49.50:556][  0]LogD3D11RHI:    0. 'Intel(R) HD Graphics 620' (Feature Level 11_0)
[2019.04.01-09.49.50:556][  0]LogD3D11RHI:       128/0/4054 MB DedicatedVideo/DedicatedSystem/SharedSystem, Outputs:1, VendorId:0x8086
[2019.04.01-09.49.50:641][  0]LogD3D11RHI:    1. 'Radeon(TM) 520' (Feature Level 11_0)
[2019.04.01-09.49.50:641][  0]LogD3D11RHI:       2039/0/4054 MB DedicatedVideo/DedicatedSystem/SharedSystem, Outputs:0, VendorId:0x1002
[2019.04.01-09.49.50:647][  0]LogD3D11RHI:    2. 'Microsoft Basic Render Driver' (Feature Level 11_0)
[2019.04.01-09.49.50:647][  0]LogD3D11RHI:       0/0/4054 MB DedicatedVideo/DedicatedSystem/SharedSystem, Outputs:0, VendorId:0x1414
[2019.04.01-09.49.50:647][  0]LogD3D11RHI: Chosen D3D11 Adapter: 1
[2019.04.01-09.49.50:661][  0]LogD3D11RHI: Creating new Direct3DDevice
[2019.04.01-09.49.50:661][  0]LogD3D11RHI:     GPU DeviceId: 0x6660 (for the marketing name, search the web for "GPU Device Id")
[2019.04.01-09.49.50:661][  0]LogWindows: EnumDisplayDevices:
[2019.04.01-09.49.50:662][  0]LogWindows:    0. 'Intel(R) HD Graphics 620' (P:1 D:1)
[2019.04.01-09.49.50:663][  0]LogWindows:    1. 'Intel(R) HD Graphics 620' (P:0 D:0)
[2019.04.01-09.49.50:664][  0]LogWindows:    2. 'Intel(R) HD Graphics 620' (P:0 D:0)
[2019.04.01-09.49.50:665][  0]LogWindows: DebugString: PrimaryIsNotTheChoosenAdapter PrimaryIsNotTheChoosenAdapter PrimaryIsNotTheChoosenAdapter FoundDriverCount:0 
[2019.04.01-09.49.50:665][  0]LogD3D11RHI:     Adapter Name: Radeon(TM) 520
[2019.04.01-09.49.50:665][  0]LogD3D11RHI:   Driver Version: Unknown (internal:Unknown, unified:Unknown)
[2019.04.01-09.49.50:665][  0]LogD3D11RHI:      Driver Date: Unknown
[2019.04.01-09.49.50:665][  0]LogRHI: Texture pool is 1427 MB (70% of 2039 MB)
[2019.04.01-09.49.50:735][  0]LogD3D11RHI: Async texture creation enabled
[2019.04.01-09.49.50:781][  0]LogD3D11RHI: GPU Timing Frequency: 27.000000 (Debug: 2 1)
[2019.04.01-09.49.51:751][  0]LogTemp: Display: Loaded TP AllDesktopTargetPlatform
[2019.04.01-09.49.51:796][  0]LogTemp: Display: Loaded TP MacClientTargetPlatform
[2019.04.01-09.49.51:830][  0]LogTemp: Display: Loaded TP MacNoEditorTargetPlatform
[2019.04.01-09.49.51:862][  0]LogTemp: Display: Loaded TP MacServerTargetPlatform
[2019.04.01-09.49.51:890][  0]LogTemp: Display: Loaded TP MacTargetPlatform
[2019.04.01-09.49.51:917][  0]LogTemp: Display: Loaded TP WindowsClientTargetPlatform
[2019.04.01-09.49.51:940][  0]LogTemp: Display: Loaded TP WindowsNoEditorTargetPlatform
[2019.04.01-09.49.51:966][  0]LogTemp: Display: Loaded TP WindowsServerTargetPlatform
[2019.04.01-09.49.51:981][  0]LogTemp: Display: Loaded TP WindowsTargetPlatform
[2019.04.01-09.49.52:135][  0]LogTemp: Display: Loaded TP AndroidTargetPlatform
[2019.04.01-09.49.52:135][  0]LogTemp: Display: Loaded TP AndroidTargetPlatform
[2019.04.01-09.49.52:135][  0]LogTemp: Display: Loaded TP AndroidTargetPlatform
[2019.04.01-09.49.52:135][  0]LogTemp: Display: Loaded TP AndroidTargetPlatform
[2019.04.01-09.49.52:135][  0]LogTemp: Display: Loaded TP AndroidTargetPlatform
[2019.04.01-09.49.52:135][  0]LogTemp: Display: Loaded TP AndroidTargetPlatform
[2019.04.01-09.49.52:135][  0]LogTemp: Display: Loaded TP AndroidTargetPlatform
[2019.04.01-09.49.52:135][  0]LogTemp: Display: Loaded TP AndroidTargetPlatform
[2019.04.01-09.49.52:135][  0]LogTemp: Display: Loaded TP AndroidTargetPlatform
[2019.04.01-09.49.52:135][  0]LogTemp: Display: Loaded TP AndroidTargetPlatform
[2019.04.01-09.49.52:135][  0]LogTemp: Display: Loaded TP AndroidTargetPlatform
[2019.04.01-09.49.52:135][  0]LogTemp: Display: Loaded TP AndroidTargetPlatform
[2019.04.01-09.49.52:135][  0]LogTemp: Display: Loaded TP AndroidTargetPlatform
[2019.04.01-09.49.52:135][  0]LogTemp: Display: Loaded TP AndroidTargetPlatform
[2019.04.01-09.49.52:135][  0]LogTemp: Display: Loaded TP AndroidTargetPlatform
[2019.04.01-09.49.52:135][  0]LogTemp: Display: Loaded TP AndroidTargetPlatform
[2019.04.01-09.49.52:135][  0]LogTemp: Display: Loaded TP AndroidTargetPlatform
[2019.04.01-09.49.52:135][  0]LogTemp: Display: Loaded TP AndroidTargetPlatform
[2019.04.01-09.49.52:143][  0]LogTemp: Display: Loaded TP HTML5TargetPlatform
[2019.04.01-09.49.52:233][  0]LogTemp: Display: Loaded TP IOSTargetPlatform
[2019.04.01-09.49.52:233][  0]LogTemp: Display: Loaded TP IOSTargetPlatform
[2019.04.01-09.49.52:275][  0]LogTemp: Display: Loaded TP TVOSTargetPlatform
[2019.04.01-09.49.52:276][  0]LogTemp: Display: Loaded TP TVOSTargetPlatform
[2019.04.01-09.49.52:301][  0]LogTemp: Display: Loaded TP LinuxClientTargetPlatform
[2019.04.01-09.49.52:331][  0]LogTemp: Display: Loaded TP LinuxNoEditorTargetPlatform
[2019.04.01-09.49.52:350][  0]LogTemp: Display: Loaded TP LinuxServerTargetPlatform
[2019.04.01-09.49.52:377][  0]LogTemp: Display: Loaded TP LinuxTargetPlatform
[2019.04.01-09.49.52:470][  0]LogTemp: Display: Loaded TP LuminTargetPlatform
[2019.04.01-09.49.52:470][  0]LogTemp: Display: Loaded TP LuminTargetPlatform
[2019.04.01-09.49.52:470][  0]LogTargetPlatformManager: Display: Building Assets For Windows
[2019.04.01-09.49.52:701][  0]LogShaderCompilers: Guid format shader working directory is -20 characters bigger than the processId version (../../../../../../Desktop/GitDingen/GameJamGroup4/GameJamGroup4/Intermediate/Shaders/WorkingDirectory/14860/).
[2019.04.01-09.49.52:702][  0]LogShaderCompilers: Cleaned the shader compiler working directory 'C:/Users/Luc/AppData/Local/Temp/UnrealShaderWorkingDir/487412604A242162EAB1928E09F9BCD1/'.
[2019.04.01-09.49.52:710][  0]LogXGEController: Cleaning working directory: C:/Users/Luc/AppData/Local/Temp/UnrealXGEWorkingDir/
[2019.04.01-09.49.52:711][  0]LogXGEController: Cannot use XGE Controller as Incredibuild is not installed on this machine.
[2019.04.01-09.49.52:711][  0]LogShaderCompilers: Cannot use XGE Shader Compiler as Incredibuild is not installed on this machine.
[2019.04.01-09.49.52:711][  0]LogShaderCompilers: Display: Using Local Shader Compiler.
[2019.04.01-09.49.54:857][  0]LogDerivedDataCache: Display: Max Cache Size: 512 MB
[2019.04.01-09.49.55:256][  0]LogDerivedDataCache: Loaded boot cache 0.40s 71MB C:/Users/Luc/AppData/Local/UnrealEngine/4.21/DerivedDataCache/Boot.ddc.
[2019.04.01-09.49.55:256][  0]LogDerivedDataCache: Display: Loaded Boot cache: C:/Users/Luc/AppData/Local/UnrealEngine/4.21/DerivedDataCache/Boot.ddc
[2019.04.01-09.49.55:256][  0]LogDerivedDataCache: FDerivedDataBackendGraph:  Pak pak cache file ../../../../../../Desktop/GitDingen/GameJamGroup4/GameJamGroup4/DerivedDataCache/DDC.ddp not found, will not use a pak cache.
[2019.04.01-09.49.55:256][  0]LogDerivedDataCache: Unable to find inner node Pak for hierarchical cache Hierarchy.
[2019.04.01-09.49.55:256][  0]LogDerivedDataCache: FDerivedDataBackendGraph:  CompressedPak pak cache file ../../../../../../Desktop/GitDingen/GameJamGroup4/GameJamGroup4/DerivedDataCache/Compressed.ddp not found, will not use a pak cache.
[2019.04.01-09.49.55:256][  0]LogDerivedDataCache: Unable to find inner node CompressedPak for hierarchical cache Hierarchy.
[2019.04.01-09.49.55:282][  0]LogDerivedDataCache: Display: Pak cache opened for reading ../../../Engine/DerivedDataCache/Compressed.ddp.
[2019.04.01-09.49.55:291][  0]LogDerivedDataCache: Display: Pak cache opened for reading ../../../Enterprise/DerivedDataCache/Compressed.ddp.
[2019.04.01-09.49.55:304][  0]LogDerivedDataCache: Using Local data cache path C:/Users/Luc/AppData/Local/UnrealEngine/Common/DerivedDataCache: Writable
[2019.04.01-09.49.55:304][  0]LogDerivedDataCache: Shared data cache path not found in *engine.ini, will not use an Shared cache.
[2019.04.01-09.49.55:304][  0]LogDerivedDataCache: Unable to find inner node Shared for hierarchical cache Hierarchy.
[2019.04.01-09.49.55:350][  0]LogMaterial: Verifying Global Shaders for PCD3D_SM5
[2019.04.01-09.49.55:359][  0]LogSlate: Using FreeType 2.6.0
[2019.04.01-09.49.55:365][  0]LogSlate: SlateFontServices - WITH_FREETYPE: 1, WITH_HARFBUZZ: 1
[2019.04.01-09.49.55:603][  0]LogAssetRegistry: FAssetRegistry took 0.0447 seconds to start up
[2019.04.01-09.49.56:337][  0]LogInit: Selected Device Profile: [Windows]
[2019.04.01-09.49.56:604][  0]LogSimplygon: Simplygon DLL not present - disabling.
[2019.04.01-09.49.56:636][  0]LogMeshReduction: Using SimplygonSwarm for distributed automatic mesh merging
[2019.04.01-09.49.56:637][  0]LogMeshReduction: Using ProxyLODMeshReduction for automatic mesh merging
[2019.04.01-09.49.56:638][  0]LogMeshReduction: Using QuadricMeshReduction for automatic static mesh reduction
[2019.04.01-09.49.56:638][  0]LogMeshReduction: No automatic skeletal mesh reduction module available
[2019.04.01-09.49.56:835][  0]LogNetVersion: GameJamGroup4 1.0.0, NetCL: 4541578, EngineNetVer: 5, GameNetVer: 0 (Checksum: 4287624653)
[2019.04.01-09.49.58:009][  0]LogPackageLocalizationCache: Processed 14 localized package path(s) for 1 prioritized culture(s) in 0.068538 seconds
[2019.04.01-09.49.58:017][  0]LogUObjectArray: 39775 objects as part of root set at end of initial load.
[2019.04.01-09.49.58:017][  0]LogUObjectAllocator: 6914664 out of 0 bytes used by permanent object pool.
[2019.04.01-09.49.58:017][  0]LogUObjectArray: CloseDisregardForGC: 0/0 objects in disregard for GC pool
[2019.04.01-09.50.01:235][  0]LogTcpMessaging: Initializing TcpMessaging bridge
[2019.04.01-09.50.01:253][  0]LogUdpMessaging: Initializing bridge on interface 0.0.0.0:0 to multicast group 230.0.0.1:6666.
[2019.04.01-09.50.02:468][  0]SourceControl: Source control is disabled
[2019.04.01-09.50.02:468][  0]SourceControl: Source control is disabled
[2019.04.01-09.50.02:483][  0]SourceControl: Source control is disabled
[2019.04.01-09.50.02:489][  0]SourceControl: Source control is disabled
[2019.04.01-09.50.02:899][  0]LogAndroidPermission: UAndroidPermissionCallbackProxy::GetInstance
[2019.04.01-09.50.03:003][  0]LogOcInput: OculusInput pre-init called
[2019.04.01-09.50.05:808][  0]LogEngine: Initializing Engine...
[2019.04.01-09.50.05:813][  0]LogHMD: Failed to initialize OpenVR with code 110
[2019.04.01-09.50.05:817][  0]LogStats: UGameplayTagsManager::ConstructGameplayTagTree: ImportINI prefixes -  0.000 s
[2019.04.01-09.50.05:817][  0]LogStats: UGameplayTagsManager::ConstructGameplayTagTree: Construct from data asset -  0.000 s
[2019.04.01-09.50.05:817][  0]LogStats: UGameplayTagsManager::ConstructGameplayTagTree: ImportINI -  0.000 s
[2019.04.01-09.50.05:817][  0]LogStats: UGameplayTagsManager::ConstructGameplayTagTree: GameplayTagTreeChangedEvent.Broadcast -  0.000 s
[2019.04.01-09.50.06:162][  0]LogInit: Initializing FReadOnlyCVARCache
[2019.04.01-09.50.06:264][  0]LogAIModule: Creating AISystem for world Untitled
[2019.04.01-09.50.06:310][  0]LogInit: XAudio2 using 'luidspreker/Hoofdtelefoon (Realtek High Definition Audio)' : 2 channels at 48 kHz using 32 bits per sample (channel mask 0x3)
[2019.04.01-09.50.06:735][  0]LogInit: FAudioDevice initialized.
[2019.04.01-09.50.06:736][  0]LogNetVersion: Set ProjectVersion to 1.0.0.0. Version Checksum will be recalculated on next use.
[2019.04.01-09.50.06:905][  0]LogDerivedDataCache: Saved boot cache 0.17s 71MB C:/Users/Luc/AppData/Local/UnrealEngine/4.21/DerivedDataCache/Boot.ddc.
[2019.04.01-09.50.06:912][  0]LogInit: Texture streaming: Enabled
[2019.04.01-09.50.06:954][  0]LogEngineSessionManager: EngineSessionManager initialized
[2019.04.01-09.50.06:988][  0]LogInit: Transaction tracking system initialized
[2019.04.01-09.50.07:074][  0]BlueprintLog: New page: Editor Load
[2019.04.01-09.50.07:363][  0]LocalizationService: Localization service is disabled
[2019.04.01-09.50.09:588][  0]LogFileCache: Scanning file cache for directory 'C:/Desktop/GitDingen/GameJamGroup4/GameJamGroup4/Content/' took 0.05s
[2019.04.01-09.50.09:588][  0]LogCook: Display: Max memory allowance for cook 16384mb min free memory 0mb
[2019.04.01-09.50.09:588][  0]LogCook: Display: Mobile HDR setting 1
[2019.04.01-09.50.09:589][  0]LogGameplayTags: Display: UGameplayTagsManager::DoneAddingNativeTags. DelegateIsBound: 0
[2019.04.01-09.50.09:589][  0]LogStats: UGameplayTagsManager::ConstructGameplayTagTree: ImportINI prefixes -  0.000 s
[2019.04.01-09.50.09:589][  0]LogStats: UGameplayTagsManager::ConstructGameplayTagTree: Construct from data asset -  0.000 s
[2019.04.01-09.50.09:590][  0]LogStats: UGameplayTagsManager::ConstructGameplayTagTree: ImportINI -  0.000 s
[2019.04.01-09.50.09:590][  0]LogStats: UGameplayTagsManager::ConstructGameplayTagTree: GameplayTagTreeChangedEvent.Broadcast -  0.000 s
[2019.04.01-09.50.13:248][  0]SourceControl: Source control is disabled
[2019.04.01-09.50.13:250][  0]Cmd: MAP LOAD FILE="../../../Engine/Content/Maps/Templates/Template_Default.umap" TEMPLATE=1 SHOWPROGRESS=1 FEATURELEVEL=3
[2019.04.01-09.50.13:254][  0]LightingResults: New page: Lighting Build
[2019.04.01-09.50.13:283][  0]MapCheck: New page: Map Check
[2019.04.01-09.50.13:283][  0]LightingResults: New page: Lighting Build
[2019.04.01-09.50.13:937][  0]LogAIModule: Creating AISystem for world Untitled_1
[2019.04.01-09.50.13:991][  0]LogEditorServer: Finished looking for orphan Actors (0.000 secs)
[2019.04.01-09.50.14:029][  0]Cmd: MAP CHECKDEP NOCLEARLOG
[2019.04.01-09.50.14:030][  0]MapCheck: Map check complete: 0 Error(s), 0 Warning(s), took 0,327ms to complete.
[2019.04.01-09.50.14:030][  0]LogFileHelpers: Loading map 'Template_Default' took 0.781
[2019.04.01-09.50.14:464][  0]LogSlate: Updating window title bar state: overlay mode, drag disabled, window buttons hidden, title bar hidden
[2019.04.01-09.50.14:484][  0]LogSlate: Updating window title bar state: overlay mode, drag disabled, window buttons hidden, title bar hidden
[2019.04.01-09.50.14:502][  0]LogSlate: Updating window title bar state: overlay mode, drag disabled, window buttons hidden, title bar hidden
[2019.04.01-09.50.14:525][  0]LogSlate: Updating window title bar state: overlay mode, drag disabled, window buttons hidden, title bar hidden
[2019.04.01-09.50.14:560][  0]LogCollectionManager: Loaded 0 collections in 0.007219 seconds
[2019.04.01-09.50.14:656][  0]LogFileCache: Scanning file cache for directory 'C:/Desktop/GitDingen/GameJamGroup4/GameJamGroup4/Saved/Collections/' took 0.03s
[2019.04.01-09.50.14:656][  0]LogFileCache: Scanning file cache for directory 'C:/Desktop/GitDingen/GameJamGroup4/GameJamGroup4/Content/Developers/Luc/Collections/' took 0.02s
[2019.04.01-09.50.14:656][  0]LogFileCache: Scanning file cache for directory 'C:/Desktop/GitDingen/GameJamGroup4/GameJamGroup4/Content/Collections/' took 0.00s
[2019.04.01-09.50.14:656][  0]LogCollectionManager: Rebuilt the GUID cache for 0 collections in 0.000001 seconds
[2019.04.01-09.50.14:682][  0]LogContentBrowser: Native class hierarchy populated in 0.0228 seconds. Added 2709 classes and 653 folders.
[2019.04.01-09.50.14:715][  0]LogContentBrowser: Native class hierarchy updated for 'WidgetCarousel' in 0.0005 seconds. Added 0 classes and 0 folders.
[2019.04.01-09.50.14:729][  0]LogPakFile: Registered encryption key '00000000000000000000000000000000': 0 pak files mounted, 0 remain pending
[2019.04.01-09.50.14:736][  0]LogPakFile: Registered encryption key '00000000000000000000000000000000': 0 pak files mounted, 0 remain pending
[2019.04.01-09.50.14:739][  0]LogPakFile: Registered encryption key '00000000000000000000000000000000': 0 pak files mounted, 0 remain pending
[2019.04.01-09.50.14:742][  0]LogPakFile: Registered encryption key '00000000000000000000000000000000': 0 pak files mounted, 0 remain pending
[2019.04.01-09.50.14:745][  0]LogPakFile: Registered encryption key '00000000000000000000000000000000': 0 pak files mounted, 0 remain pending
[2019.04.01-09.50.14:747][  0]LogPakFile: Registered encryption key '00000000000000000000000000000000': 0 pak files mounted, 0 remain pending
[2019.04.01-09.50.14:751][  0]LogPakFile: Registered encryption key '00000000000000000000000000000000': 0 pak files mounted, 0 remain pending
[2019.04.01-09.50.14:753][  0]LogPakFile: Registered encryption key '00000000000000000000000000000000': 0 pak files mounted, 0 remain pending
[2019.04.01-09.50.14:757][  0]LogPakFile: Registered encryption key '00000000000000000000000000000000': 0 pak files mounted, 0 remain pending
[2019.04.01-09.50.14:767][  0]LogPakFile: Registered encryption key '00000000000000000000000000000000': 0 pak files mounted, 0 remain pending
[2019.04.01-09.50.14:770][  0]LogPakFile: Registered encryption key '00000000000000000000000000000000': 0 pak files mounted, 0 remain pending
[2019.04.01-09.50.14:774][  0]LogPakFile: Registered encryption key '00000000000000000000000000000000': 0 pak files mounted, 0 remain pending
[2019.04.01-09.50.14:778][  0]LogPakFile: Registered encryption key '00000000000000000000000000000000': 0 pak files mounted, 0 remain pending
[2019.04.01-09.50.14:781][  0]LogPakFile: Registered encryption key '00000000000000000000000000000000': 0 pak files mounted, 0 remain pending
[2019.04.01-09.50.14:783][  0]LogPakFile: Registered encryption key '00000000000000000000000000000000': 0 pak files mounted, 0 remain pending
[2019.04.01-09.50.14:787][  0]LogPakFile: Registered encryption key '00000000000000000000000000000000': 0 pak files mounted, 0 remain pending
[2019.04.01-09.50.14:791][  0]LogPakFile: Registered encryption key '00000000000000000000000000000000': 0 pak files mounted, 0 remain pending
[2019.04.01-09.50.14:794][  0]LogPakFile: Registered encryption key '00000000000000000000000000000000': 0 pak files mounted, 0 remain pending
[2019.04.01-09.50.14:797][  0]LogPakFile: Registered encryption key '00000000000000000000000000000000': 0 pak files mounted, 0 remain pending
[2019.04.01-09.50.14:800][  0]LogPakFile: Registered encryption key '00000000000000000000000000000000': 0 pak files mounted, 0 remain pending
[2019.04.01-09.50.14:803][  0]LogPakFile: Registered encryption key '00000000000000000000000000000000': 0 pak files mounted, 0 remain pending
[2019.04.01-09.50.14:807][  0]LogPakFile: Registered encryption key '00000000000000000000000000000000': 0 pak files mounted, 0 remain pending
[2019.04.01-09.50.14:810][  0]LogPakFile: Registered encryption key '00000000000000000000000000000000': 0 pak files mounted, 0 remain pending
[2019.04.01-09.50.14:814][  0]LogPakFile: Registered encryption key '00000000000000000000000000000000': 0 pak files mounted, 0 remain pending
[2019.04.01-09.50.14:818][  0]LogPakFile: Registered encryption key '00000000000000000000000000000000': 0 pak files mounted, 0 remain pending
[2019.04.01-09.50.14:824][  0]LogPakFile: Registered encryption key '00000000000000000000000000000000': 0 pak files mounted, 0 remain pending
[2019.04.01-09.50.14:829][  0]LogPakFile: Registered encryption key '00000000000000000000000000000000': 0 pak files mounted, 0 remain pending
[2019.04.01-09.50.14:833][  0]LogPakFile: Registered encryption key '00000000000000000000000000000000': 0 pak files mounted, 0 remain pending
[2019.04.01-09.50.15:197][  0]LogContentBrowser: Native class hierarchy updated for 'AddContentDialog' in 0.0007 seconds. Added 0 classes and 0 folders.
[2019.04.01-09.50.15:242][  0]LogContentBrowser: Native class hierarchy updated for 'SceneOutliner' in 0.0010 seconds. Added 1 classes and 2 folders.
[2019.04.01-09.50.15:576][  0]LogSlate: Took 0.002190 seconds to synchronously load lazily loaded font '../../../Engine/Content/Slate/Fonts/Roboto-Regular.ttf' (155K)
[2019.04.01-09.50.15:582][  0]LogSlate: Took 0.001553 seconds to synchronously load lazily loaded font '../../../Engine/Content/Slate/Fonts/Roboto-Bold.ttf' (160K)
[2019.04.01-09.50.15:599][  0]LogSlate: Took 0.001161 seconds to synchronously load lazily loaded font '../../../Engine/Content/Editor/Slate/Fonts/FontAwesome.ttf' (139K)
[2019.04.01-09.50.15:878][  0]LogRenderer: Reallocating scene render targets to support 1208x600 Format 9 NumSamples 1 (Frame:1).
[2019.04.01-09.50.16:388][  0]LogContentBrowser: Native class hierarchy updated for 'HierarchicalLODOutliner' in 0.0005 seconds. Added 0 classes and 0 folders.
[2019.04.01-09.50.16:388][  0]LogLoad: (Engine Initialization) Total time: 34.48 seconds
[2019.04.01-09.50.16:389][  0]LogLoad: (Engine Initialization) Total Blueprint compile time: 0.01 seconds
[2019.04.01-09.50.16:540][  0]LogContentStreaming: Texture pool size now 400 MB
[2019.04.01-09.50.16:931][  3]LogAssetRegistry: Asset discovery search completed in 21.3525 seconds
[2019.04.01-09.50.16:945][  3]LogCollectionManager: Rebuilt the object cache for 0 collections in 0.000000 seconds (found 0 objects)
[2019.04.01-09.50.16:945][  3]LogCollectionManager: Fixed up redirectors for 0 collections in 0.000119 seconds (updated 0 objects)
[2019.04.01-09.51.01:544][195]LogSlate: FSceneViewport::OnFocusLost() reason 2
[2019.04.01-09.51.03:378][290]LogSlate: FSceneViewport::OnFocusLost() reason 2
[2019.04.01-09.51.17:916][826]LogSlate: Took 0.000919 seconds to synchronously load lazily loaded font '../../../Engine/Content/Slate/Fonts/Roboto-Light.ttf' (167K)
[2019.04.01-09.51.17:945][826]LogFactory: FactoryCreateFile: PackFactory with PackFactory (0 0 C:/Program Files/Epic Games/UE_4.21/FeaturePacks/TP_RollingBP.upack)
[2019.04.01-09.51.17:980][826]LogPackFactory: Finished extracting 8 files (including 0 errors).
[2019.04.01-09.51.17:982][826]LogPackFactory: Copied "../../../Templates/TP_RollingBP/Content/RollingBP/RollingOverview.uasset" to "../../../../../../Desktop/GitDingen/GameJamGroup4/GameJamGroup4/Content/RollingBP/RollingOverview.uasset"
[2019.04.01-09.51.17:985][826]LogPackFactory: Copied "../../../Templates/TP_RollingBP/Content/RollingBP/Blueprints/PhysicsBallBP.uasset" to "../../../../../../Desktop/GitDingen/GameJamGroup4/GameJamGroup4/Content/RollingBP/Blueprints/PhysicsBallBP.uasset"
[2019.04.01-09.51.17:986][826]LogPackFactory: Copied "../../../Templates/TP_RollingBP/Content/RollingBP/Blueprints/RollingGameMode.uasset" to "../../../../../../Desktop/GitDingen/GameJamGroup4/GameJamGroup4/Content/RollingBP/Blueprints/RollingGameMode.uasset"
[2019.04.01-09.51.18:012][826]LogPackFactory: Copied "../../../Templates/TP_RollingBP/Content/RollingBP/Maps/RollingBPExampleMap.umap" to "../../../../../../Desktop/GitDingen/GameJamGroup4/GameJamGroup4/Content/RollingBP/Maps/RollingBPExampleMap.umap"
[2019.04.01-09.51.18:102][826]LogPackFactory: Copied "../../../Templates/TP_RollingBP/Content/RollingBP/Maps/RollingBPExampleMap_BuiltData.uasset" to "../../../../../../Desktop/GitDingen/GameJamGroup4/GameJamGroup4/Content/RollingBP/Maps/RollingBPExampleMap_BuiltData.uasset"
[2019.04.01-09.51.18:167][826]Cmd: OBJ SAVEPACKAGE PACKAGE="/Game/RollingBP/RollingOverview" FILE="../../../../../../Desktop/GitDingen/GameJamGroup4/GameJamGroup4/Content/RollingBP/RollingOverview.uasset" SILENT=true
[2019.04.01-09.51.18:193][826]LogSavePackage: Moving '../../../../../../Desktop/GitDingen/GameJamGroup4/GameJamGroup4/Saved/RollingOverview704ABE4E489C73CEC904AAB62DCF6C72.tmp' to '../../../../../../Desktop/GitDingen/GameJamGroup4/GameJamGroup4/Content/RollingBP/RollingOverview.uasset'
[2019.04.01-09.51.18:250][826]LogSlate: FSceneViewport::OnFocusLost() reason 2
[2019.04.01-09.51.18:257][826]LogSlate: Took 0.000270 seconds to synchronously load lazily loaded font '../../../Engine/Content/Slate/Fonts/Roboto-Light.ttf' (167K)
[2019.04.01-09.51.24:301][ 47]LogSlate: Window 'Add Content to the Project' being destroyed
[2019.04.01-09.51.24:902][ 69]LogSlate: FSceneViewport::OnFocusLost() reason 0
[2019.04.01-09.51.28:352][160]LogSlate: Window 'Delete Assets' being destroyed
[2019.04.01-09.51.28:375][160]LogSlate: FSceneViewport::OnFocusLost() reason 2
[2019.04.01-09.51.28:424][160]LogSlate: FSceneViewport::OnFocusLost() reason 2
[2019.04.01-09.51.28:475][160]LogSlate: FSceneViewport::OnFocusLost() reason 2
[2019.04.01-09.51.29:068][178]LogSlate: FSceneViewport::OnFocusLost() reason 0
[2019.04.01-09.51.30:479][216]LogAIModule: Creating AISystem for world RollingBPExampleMap
[2019.04.01-09.51.30:503][216]LogAssetEditorManager: Opening Asset editor for World /Game/RollingBP/Maps/RollingBPExampleMap.RollingBPExampleMap
[2019.04.01-09.51.30:550][216]Cmd: MAP LOAD FILE="../../../../../../Desktop/GitDingen/GameJamGroup4/GameJamGroup4/Content/RollingBP/Maps/RollingBPExampleMap.umap" TEMPLATE=0 SHOWPROGRESS=1 FEATURELEVEL=3
[2019.04.01-09.51.30:550][216]LightingResults: New page: Lighting Build
[2019.04.01-09.51.30:551][216]LoadErrors: New page: Loading map: RollingBPExampleMap.umap
[2019.04.01-09.51.30:557][216]MapCheck: New page: Map Check
[2019.04.01-09.51.30:558][216]LightingResults: New page: Lighting Build
[2019.04.01-09.51.30:915][216]LogEditorServer: Finished looking for orphan Actors (0.000 secs)
[2019.04.01-09.51.30:972][216]Cmd: MAP CHECKDEP NOCLEARLOG
[2019.04.01-09.51.30:973][216]MapCheck: Map check complete: 0 Error(s), 0 Warning(s), took 0,257ms to complete.
[2019.04.01-09.51.30:974][216]LogFileHelpers: Loading map 'RollingBPExampleMap' took 0.427
[2019.04.01-09.51.31:730][238]LogSlate: FSceneViewport::OnFocusLost() reason 0
[2019.04.01-09.51.31:867][243]LogTemp: Repeating last play command: Selected Viewport
[2019.04.01-09.51.31:882][243]LogBlueprintUserMessages: Early PlayInEditor Detection: Level '/Game/RollingBP/Maps/RollingBPExampleMap.RollingBPExampleMap:PersistentLevel' has LevelScriptBlueprint '/Game/RollingBP/Maps/RollingBPExampleMap.RollingBPExampleMap:PersistentLevel.RollingBPExampleMap' with GeneratedClass '/Game/RollingBP/Maps/RollingBPExampleMap.RollingBPExampleMap_C' with ClassGeneratedBy '/Game/RollingBP/Maps/RollingBPExampleMap.RollingBPExampleMap:PersistentLevel.RollingBPExampleMap'
[2019.04.01-09.51.31:884][243]LogPlayLevel: PlayLevel: No blueprints needed recompiling
[2019.04.01-09.51.31:888][243]PIE: New page: PIE session: RollingBPExampleMap (1 apr. 2019 13:51:31)
[2019.04.01-09.51.31:908][243]LogPlayLevel: Creating play world package: /Game/RollingBP/Maps/UEDPIE_0_RollingBPExampleMap
[2019.04.01-09.51.31:970][243]LogPlayLevel: PIE: StaticDuplicateObject took: (0.063224s)
[2019.04.01-09.51.31:972][243]LogAIModule: Creating AISystem for world RollingBPExampleMap
[2019.04.01-09.51.31:973][243]LogPlayLevel: PIE: World Init took: (0.001858s)
[2019.04.01-09.51.31:973][243]LogPlayLevel: PIE: Created PIE world by copying editor world from /Game/RollingBP/Maps/RollingBPExampleMap.RollingBPExampleMap to /Game/RollingBP/Maps/UEDPIE_0_RollingBPExampleMap.RollingBPExampleMap (0.066176s)
[2019.04.01-09.51.32:031][243]LogInit: XAudio2 using 'luidspreker/Hoofdtelefoon (Realtek High Definition Audio)' : 2 channels at 48 kHz using 32 bits per sample (channel mask 0x3)
[2019.04.01-09.51.32:102][243]LogInit: FAudioDevice initialized.
[2019.04.01-09.51.32:165][243]LogLoad: Game class is 'RollingGameMode_C'
[2019.04.01-09.51.32:182][243]LogWorld: Bringing World /Game/RollingBP/Maps/UEDPIE_0_RollingBPExampleMap.RollingBPExampleMap up for play (max tick rate 60) at 2019.04.01-11.51.32
[2019.04.01-09.51.32:189][243]LogWorld: Bringing up level for play took: 0.012605
[2019.04.01-09.51.32:230][243]LogContentBrowser: Native class hierarchy updated for 'MovieSceneCapture' in 0.0008 seconds. Added 20 classes and 0 folders.
[2019.04.01-09.51.32:235][243]PIE: Play in editor start time for /Game/RollingBP/Maps/UEDPIE_0_RollingBPExampleMap 0,205
[2019.04.01-09.51.32:235][243]LogBlueprintUserMessages: Late PlayInEditor Detection: Level '/Game/RollingBP/Maps/RollingBPExampleMap.RollingBPExampleMap:PersistentLevel' has LevelScriptBlueprint '/Game/RollingBP/Maps/RollingBPExampleMap.RollingBPExampleMap:PersistentLevel.RollingBPExampleMap' with GeneratedClass '/Game/RollingBP/Maps/RollingBPExampleMap.RollingBPExampleMap_C' with ClassGeneratedBy '/Game/RollingBP/Maps/RollingBPExampleMap.RollingBPExampleMap:PersistentLevel.RollingBPExampleMap'
[2019.04.01-09.52.35:900][991]LogBlueprintUserMessages: Early EndPlayMap Detection: Level '/Game/RollingBP/Maps/RollingBPExampleMap.RollingBPExampleMap:PersistentLevel' has LevelScriptBlueprint '/Game/RollingBP/Maps/RollingBPExampleMap.RollingBPExampleMap:PersistentLevel.RollingBPExampleMap' with GeneratedClass '/Game/RollingBP/Maps/RollingBPExampleMap.RollingBPExampleMap_C' with ClassGeneratedBy '/Game/RollingBP/Maps/RollingBPExampleMap.RollingBPExampleMap:PersistentLevel.RollingBPExampleMap'
[2019.04.01-09.52.35:904][991]LogSlate: Updating window title bar state: overlay mode, drag disabled, window buttons hidden, title bar hidden
[2019.04.01-09.52.35:951][991]LogPlayLevel: Display: Shutting down PIE online subsystems
[2019.04.01-09.52.35:952][991]LogBlueprintUserMessages: Late EndPlayMap Detection: Level '/Game/RollingBP/Maps/RollingBPExampleMap.RollingBPExampleMap:PersistentLevel' has LevelScriptBlueprint '/Game/RollingBP/Maps/RollingBPExampleMap.RollingBPExampleMap:PersistentLevel.RollingBPExampleMap' with GeneratedClass '/Game/RollingBP/Maps/RollingBPExampleMap.RollingBPExampleMap_C' with ClassGeneratedBy '/Game/RollingBP/Maps/RollingBPExampleMap.RollingBPExampleMap:PersistentLevel.RollingBPExampleMap'
[2019.04.01-09.52.35:980][991]LogSlate: Updating window title bar state: overlay mode, drag disabled, window buttons hidden, title bar hidden
[2019.04.01-09.52.36:011][992]LogPlayLevel: Display: Destroying online subsystem :Context_1
[2019.04.01-09.52.43:789][272]LogEditorViewport: Clicking on Actor (LMB): TextRenderActor (TemplateLabel)
[2019.04.01-09.52.44:835][303]Cmd: DELETE
[2019.04.01-09.52.44:835][303]Cmd: ACTOR DELETE
[2019.04.01-09.52.44:867][303]LogEditorActor: Deleted Actor: TextRenderActor
[2019.04.01-09.52.44:900][303]LogEditorActor: Deleted 1 Actors (0.053 secs)
[2019.04.01-09.52.58:406][799]LogSlate: FSceneViewport::OnFocusLost() reason 0
[2019.04.01-09.53.02:694][938]LogSavePackage: Moving '../../../../../../Desktop/GitDingen/GameJamGroup4/GameJamGroup4/Saved/RollingBPExampleMap9735CC4D4597A9772BAC68A2FE341E44.tmp' to '../../../../../../Desktop/GitDingen/GameJamGroup4/GameJamGroup4/Content/RollingBP/Maps/RollingBPExampleMap.umap'
[2019.04.01-09.53.02:707][938]LogFileHelpers: Saving map 'RollingBPExampleMap' took 0.427
[2019.04.01-09.53.20:530][460]LogSlate: Window 'GameJamGroup4 - Unreal Editor' being destroyed
[2019.04.01-09.53.20:532][460]LogWindowsTextInputMethodSystem: Display: IME system now deactivated.
[2019.04.01-09.53.20:853][461]Cmd: QUIT_EDITOR
[2019.04.01-09.53.21:318][461]LogExit: Preparing to exit.
[2019.04.01-09.53.22:489][461]LogExit: Editor shut down
[2019.04.01-09.53.22:489][461]LogExit: Transaction tracking system shut down
[2019.04.01-09.53.22:855][461]LogExit: Object subsystem successfully closed.
[2019.04.01-09.53.22:881][461]LogShaderCompilers: Display: Shaders left to compile 0
[2019.04.01-09.53.22:887][461]LogD3D11RHI: Shutdown
[2019.04.01-09.53.22:887][461]LogD3D11RHI: CleanupD3DDevice
[2019.04.01-09.53.22:895][461]LogD3D11RHI: ~FD3D11DynamicRHI
[2019.04.01-09.53.22:988][461]LogModuleManager: Shutting down and abandoning module MovieSceneCapture (650)
[2019.04.01-09.53.22:988][461]LogModuleManager: Shutting down and abandoning module Voice (648)
[2019.04.01-09.53.22:989][461]LogModuleManager: Shutting down and abandoning module HierarchicalLODOutliner (646)
[2019.04.01-09.53.22:989][461]LogModuleManager: Shutting down and abandoning module SceneOutliner (644)
[2019.04.01-09.53.22:989][461]LogModuleManager: Shutting down and abandoning module AddContentDialog (642)
[2019.04.01-09.53.22:989][461]LogModuleManager: Shutting down and abandoning module WidgetCarousel (641)
[2019.04.01-09.53.22:989][461]LogModuleManager: Shutting down and abandoning module EditorWidgets (638)
[2019.04.01-09.53.22:989][461]LogModuleManager: Shutting down and abandoning module CollectionManager (636)
[2019.04.01-09.53.22:990][461]LogModuleManager: Shutting down and abandoning module HierarchicalLODUtilities (634)
[2019.04.01-09.53.22:992][461]LogModuleManager: Shutting down and abandoning module StatsViewer (632)
[2019.04.01-09.53.22:993][461]LogModuleManager: Shutting down and abandoning module FoliageEdit (630)
[2019.04.01-09.53.22:993][461]LogModuleManager: Shutting down and abandoning module LandscapeEditor (628)
[2019.04.01-09.53.22:996][461]LogModuleManager: Shutting down and abandoning module MeshPaintMode (626)
[2019.04.01-09.53.22:997][461]LogModuleManager: Shutting down and abandoning module SceneDepthPickerMode (624)
[2019.04.01-09.53.22:997][461]LogModuleManager: Shutting down and abandoning module ActorPickerMode (622)
[2019.04.01-09.53.22:997][461]LogModuleManager: Shutting down and abandoning module GeometryMode (620)
[2019.04.01-09.53.22:997][461]LogModuleManager: Shutting down and abandoning module TextureAlignMode (618)
[2019.04.01-09.53.22:997][461]LogModuleManager: Shutting down and abandoning module BspMode (616)
[2019.04.01-09.53.22:997][461]LogModuleManager: Shutting down and abandoning module PIEPreviewDeviceProfileSelector (614)
[2019.04.01-09.53.22:999][461]LogModuleManager: Shutting down and abandoning module SequenceRecorderSections (612)
[2019.04.01-09.53.22:999][461]LogModuleManager: Shutting down and abandoning module AutomationWorker (610)
[2019.04.01-09.53.22:999][461]LogModuleManager: Shutting down and abandoning module DatasmithFBXImporter (608)
[2019.04.01-09.53.23:000][461]LogModuleManager: Shutting down and abandoning module DatasmithDeltaGenImporter (606)
[2019.04.01-09.53.23:000][461]LogModuleManager: Shutting down and abandoning module DatasmithVREDImporter (604)
[2019.04.01-09.53.23:000][461]LogModuleManager: Shutting down and abandoning module AudioCaptureEditor (602)
[2019.04.01-09.53.23:000][461]LogModuleManager: Shutting down and abandoning module MatineeToLevelSequence (600)
[2019.04.01-09.53.23:001][461]LogModuleManager: Shutting down and abandoning module LevelSequenceEditor (598)
[2019.04.01-09.53.23:004][461]LogModuleManager: Shutting down and abandoning module PlacementMode (597)
[2019.04.01-09.53.23:004][461]LogModuleManager: Shutting down and abandoning module MaterialEditor (596)
[2019.04.01-09.53.23:007][461]LogModuleManager: Shutting down and abandoning module WmfMediaFactory (592)
[2019.04.01-09.53.23:007][461]LogModuleManager: Shutting down and abandoning module WmfMediaEditor (590)
[2019.04.01-09.53.23:007][461]LogModuleManager: Shutting down and abandoning module WebMMediaFactory (588)
[2019.04.01-09.53.23:007][461]LogModuleManager: Shutting down and abandoning module WebMMediaEditor (586)
[2019.04.01-09.53.23:007][461]LogModuleManager: Shutting down and abandoning module WebMMedia (584)
[2019.04.01-09.53.23:007][461]LogModuleManager: Shutting down and abandoning module MediaPlayerEditor (582)
[2019.04.01-09.53.23:009][461]LogModuleManager: Shutting down and abandoning module MediaCompositingEditor (580)
[2019.04.01-09.53.23:011][461]LogModuleManager: Shutting down and abandoning module SequenceRecorder (579)
[2019.04.01-09.53.23:012][461]LogModuleManager: Shutting down and abandoning module OpenExrWrapper (576)
[2019.04.01-09.53.23:012][461]LogModuleManager: Shutting down and abandoning module ImgMediaFactory (574)
[2019.04.01-09.53.23:012][461]LogModuleManager: Shutting down and abandoning module ImgMediaEditor (572)
[2019.04.01-09.53.23:012][461]LogModuleManager: Shutting down and abandoning module AvfMediaFactory (570)
[2019.04.01-09.53.23:012][461]LogModuleManager: Shutting down and abandoning module AvfMediaEditor (568)
[2019.04.01-09.53.23:012][461]LogModuleManager: Shutting down and abandoning module AndroidMediaFactory (566)
[2019.04.01-09.53.23:012][461]LogModuleManager: Shutting down and abandoning module AndroidMediaEditor (564)
[2019.04.01-09.53.23:012][461]LogModuleManager: Shutting down and abandoning module MagicLeapCameraPreviewFactory (562)
[2019.04.01-09.53.23:012][461]LogModuleManager: Shutting down and abandoning module MagicLeapMediaFactory (560)
[2019.04.01-09.53.23:012][461]LogModuleManager: Shutting down and abandoning module MagicLeapMediaEditor (558)
[2019.04.01-09.53.23:012][461]LogModuleManager: Shutting down and abandoning module CharacterAI (556)
[2019.04.01-09.53.23:012][461]LogModuleManager: Shutting down and abandoning module SmartSnapping (554)
[2019.04.01-09.53.23:012][461]LogModuleManager: Shutting down and abandoning module SessionServices (552)
[2019.04.01-09.53.23:012][461]LogModuleManager: Shutting down and abandoning module ViewportSnapping (550)
[2019.04.01-09.53.23:012][461]LogModuleManager: Shutting down and abandoning module ViewportInteraction (548)
[2019.04.01-09.53.23:012][461]LogModuleManager: Shutting down and abandoning module ClothPainter (546)
[2019.04.01-09.53.23:013][461]LogModuleManager: Shutting down and abandoning module SkeletalMeshEditor (545)
[2019.04.01-09.53.23:015][461]LogModuleManager: Shutting down and abandoning module LogVisualizer (542)
[2019.04.01-09.53.23:017][461]LogModuleManager: Shutting down and abandoning module IntroTutorials (540)
[2019.04.01-09.53.23:019][461]LogModuleManager: Shutting down and abandoning module GameProjectGeneration (539)
[2019.04.01-09.53.23:020][461]LogModuleManager: Shutting down and abandoning module LuminPlatformEditor (536)
[2019.04.01-09.53.23:020][461]LogModuleManager: Shutting down and abandoning module IOSPlatformEditor (534)
[2019.04.01-09.53.23:020][461]LogModuleManager: Shutting down and abandoning module HTML5PlatformEditor (532)
[2019.04.01-09.53.23:020][461]LogModuleManager: Shutting down and abandoning module AndroidPlatformEditor (530)
[2019.04.01-09.53.23:020][461]LogModuleManager: Shutting down and abandoning module AndroidDeviceDetection (529)
[2019.04.01-09.53.23:756][461]LogModuleManager: Shutting down and abandoning module WindowsPlatformEditor (526)
[2019.04.01-09.53.23:756][461]LogModuleManager: Shutting down and abandoning module LuminRuntimeSettings (524)
[2019.04.01-09.53.23:756][461]LogModuleManager: Shutting down and abandoning module IOSRuntimeSettings (522)
[2019.04.01-09.53.23:756][461]LogModuleManager: Shutting down and abandoning module AndroidRuntimeSettings (520)
[2019.04.01-09.53.23:756][461]LogModuleManager: Shutting down and abandoning module TimeManagementEditor (518)
[2019.04.01-09.53.23:757][461]LogModuleManager: Shutting down and abandoning module InputBindingEditor (516)
[2019.04.01-09.53.23:764][461]LogModuleManager: Shutting down and abandoning module MergeActors (514)
[2019.04.01-09.53.23:765][461]LogModuleManager: Shutting down and abandoning module LocalizationDashboard (512)
[2019.04.01-09.53.23:766][461]LogModuleManager: Shutting down and abandoning module LocalizationService (511)
[2019.04.01-09.53.23:766][461]LogModuleManager: Shutting down and abandoning module HardwareTargeting (508)
[2019.04.01-09.53.23:766][461]LogModuleManager: Shutting down and abandoning module DeviceProfileEditor (506)
[2019.04.01-09.53.23:767][461]LogModuleManager: Shutting down and abandoning module UndoHistory (504)
[2019.04.01-09.53.23:767][461]LogModuleManager: Shutting down and abandoning module XmlParser (502)
[2019.04.01-09.53.23:767][461]LogModuleManager: Shutting down and abandoning module Blutility (500)
[2019.04.01-09.53.23:767][461]LogModuleManager: Shutting down and abandoning module ProjectSettingsViewer (498)
[2019.04.01-09.53.23:767][461]LogModuleManager: Shutting down and abandoning module ProjectTargetPlatformEditor (497)
[2019.04.01-09.53.23:768][461]LogModuleManager: Shutting down and abandoning module EditorSettingsViewer (494)
[2019.04.01-09.53.23:768][461]LogModuleManager: Shutting down and abandoning module SettingsEditor (492)
[2019.04.01-09.53.23:768][461]LogModuleManager: Shutting down and abandoning module ProjectLauncher (490)
[2019.04.01-09.53.23:769][461]LogModuleManager: Shutting down and abandoning module SessionFrontend (488)
[2019.04.01-09.53.23:769][461]LogModuleManager: Shutting down and abandoning module ProfilerClient (486)
[2019.04.01-09.53.23:770][461]LogModuleManager: Shutting down and abandoning module DeviceManager (484)
[2019.04.01-09.53.23:770][461]LogModuleManager: Shutting down and abandoning module TargetDeviceServices (483)
[2019.04.01-09.53.23:824][461]LogModuleManager: Shutting down and abandoning module AutomationController (480)
[2019.04.01-09.53.23:825][461]LogModuleManager: Shutting down and abandoning module AutomationWindow (478)
[2019.04.01-09.53.23:826][461]LogModuleManager: Shutting down and abandoning module Layers (476)
[2019.04.01-09.53.23:829][461]LogModuleManager: Shutting down and abandoning module ComponentVisualizers (474)
[2019.04.01-09.53.23:829][461]LogModuleManager: Shutting down and abandoning module DetailCustomizations (472)
[2019.04.01-09.53.23:830][461]LogModuleManager: Shutting down and abandoning module PackagesDialog (470)
[2019.04.01-09.53.23:830][461]LogModuleManager: Shutting down and abandoning module Persona (468)
[2019.04.01-09.53.23:831][461]LogModuleManager: Shutting down and abandoning module AnimGraph (467)
[2019.04.01-09.53.23:831][461]LogModuleManager: Shutting down and abandoning module Kismet (464)
[2019.04.01-09.53.23:836][461]LogModuleManager: Shutting down and abandoning module GraphEditor (462)
[2019.04.01-09.53.23:838][461]LogModuleManager: Shutting down and abandoning module ClassViewer (460)
[2019.04.01-09.53.23:838][461]LogModuleManager: Shutting down and abandoning module Toolbox (458)
[2019.04.01-09.53.23:838][461]LogModuleManager: Shutting down and abandoning module ModuleUI (456)
[2019.04.01-09.53.23:839][461]LogModuleManager: Shutting down and abandoning module MovieSceneTools (454)
[2019.04.01-09.53.23:839][461]LogModuleManager: Shutting down and abandoning module OutputLog (452)
[2019.04.01-09.53.23:839][461]LogModuleManager: Shutting down and abandoning module GammaUI (450)
[2019.04.01-09.53.23:839][461]LogModuleManager: Shutting down and abandoning module Documentation (448)
[2019.04.01-09.53.23:840][461]LogModuleManager: Shutting down and abandoning module MovieSceneTracks (446)
[2019.04.01-09.53.23:840][461]LogModuleManager: Shutting down and abandoning module MovieScene (444)
[2019.04.01-09.53.23:840][461]LogModuleManager: Shutting down and abandoning module StreamingPauseRendering (442)
[2019.04.01-09.53.23:841][461]LogModuleManager: Shutting down and abandoning module LauncherPlatform (440)
[2019.04.01-09.53.23:841][461]LogModuleManager: Shutting down and abandoning module AnalyticsET (438)
[2019.04.01-09.53.23:841][461]LogModuleManager: Shutting down and abandoning module PortalServices (436)
[2019.04.01-09.53.23:841][461]LogModuleManager: Shutting down and abandoning module PortalRpc (434)
[2019.04.01-09.53.23:841][461]LogModuleManager: Shutting down and abandoning module MessagingRpc (432)
[2019.04.01-09.53.23:841][461]LogModuleManager: Shutting down and abandoning module AIModule (430)
[2019.04.01-09.53.23:842][461]LogModuleManager: Shutting down and abandoning module GameplayDebugger (429)
[2019.04.01-09.53.23:842][461]LogModuleManager: Shutting down and abandoning module AITestSuite (427)
[2019.04.01-09.53.23:843][461]LogModuleManager: Shutting down and abandoning module NavigationSystem (425)
[2019.04.01-09.53.23:843][461]LogModuleManager: Shutting down and abandoning module DesktopPlatform (422)
[2019.04.01-09.53.23:843][461]LogModuleManager: Shutting down and abandoning module ImageWriteQueue (420)
[2019.04.01-09.53.23:847][461]LogModuleManager: Shutting down and abandoning module ProfilerService (418)
[2019.04.01-09.53.24:028][461]LogModuleManager: Shutting down and abandoning module TaskGraph (416)
[2019.04.01-09.53.24:030][461]LogModuleManager: Shutting down and abandoning module DatasmithCADImporter (414)
[2019.04.01-09.53.24:031][461]LogModuleManager: Shutting down and abandoning module VariantManager (412)
[2019.04.01-09.53.24:033][461]LogModuleManager: Shutting down and abandoning module StaticMeshEditorExtension (410)
[2019.04.01-09.53.24:033][461]LogModuleManager: Shutting down and abandoning module StaticMeshEditor (409)
[2019.04.01-09.53.24:035][461]LogModuleManager: Shutting down and abandoning module AdvancedPreviewScene (408)
[2019.04.01-09.53.24:035][461]LogModuleManager: Shutting down and abandoning module MeshProcessingLibrary (405)
[2019.04.01-09.53.24:036][461]LogModuleManager: Shutting down and abandoning module MDLImporter (402)
[2019.04.01-09.53.24:037][461]LogModuleManager: Shutting down and abandoning module DatasmithImporter (400)
[2019.04.01-09.53.24:040][461]LogModuleManager: Shutting down and abandoning module SteamVRController (398)
[2019.04.01-09.53.24:040][461]LogModuleManager: Shutting down and abandoning module ProceduralMeshComponentEditor (396)
[2019.04.01-09.53.24:040][461]LogModuleManager: Shutting down and abandoning module ProceduralMeshComponent (394)
[2019.04.01-09.53.24:041][461]LogModuleManager: Shutting down and abandoning module OculusInput (392)
[2019.04.01-09.53.24:041][461]LogModuleManager: Shutting down and abandoning module MobilePatchingUtils (390)
[2019.04.01-09.53.24:041][461]LogModuleManager: Shutting down and abandoning module EditableMesh (388)
[2019.04.01-09.53.24:041][461]LogModuleManager: Shutting down and abandoning module CustomMeshComponent (386)
[2019.04.01-09.53.24:041][461]LogModuleManager: Shutting down and abandoning module CableComponent (384)
[2019.04.01-09.53.24:042][461]LogModuleManager: Shutting down and abandoning module AudioCapture (382)
[2019.04.01-09.53.24:042][461]LogModuleManager: Shutting down and abandoning module ArchVisCharacter (380)
[2019.04.01-09.53.24:042][461]LogModuleManager: Shutting down and abandoning module AndroidPermission (378)
[2019.04.01-09.53.24:042][461]LogModuleManager: Shutting down and abandoning module NUTUnrealEngine4 (376)
[2019.04.01-09.53.24:042][461]LogModuleManager: Shutting down and abandoning module NetcodeUnitTest (374)
[2019.04.01-09.53.24:044][461]LogModuleManager: Shutting down and abandoning module MediaCompositing (372)
[2019.04.01-09.53.24:044][461]LogModuleManager: Shutting down and abandoning module LinearTimecode (370)
[2019.04.01-09.53.24:044][461]LogModuleManager: Shutting down and abandoning module ImgMedia (368)
[2019.04.01-09.53.24:049][461]LogModuleManager: Shutting down and abandoning module HTML5Networking (366)
[2019.04.01-09.53.24:049][461]LogModuleManager: Shutting down and abandoning module GeometryCacheTracks (364)
[2019.04.01-09.53.24:049][461]LogModuleManager: Shutting down and abandoning module GeometryCacheSequencer (362)
[2019.04.01-09.53.24:049][461]LogModuleManager: Shutting down and abandoning module BackChannel (360)
[2019.04.01-09.53.24:049][461]LogModuleManager: Shutting down and abandoning module AppleVision (358)
[2019.04.01-09.53.24:049][461]LogModuleManager: Shutting down and abandoning module AppleImageUtilsBlueprintSupport (356)
[2019.04.01-09.53.24:049][461]LogModuleManager: Shutting down and abandoning module AppleImageUtils (354)
[2019.04.01-09.53.24:049][461]LogModuleManager: Shutting down and abandoning module AlembicImporter (352)
[2019.04.01-09.53.24:049][461]LogModuleManager: Shutting down and abandoning module AlembicLibrary (351)
[2019.04.01-09.53.24:049][461]LogModuleManager: Shutting down and abandoning module GeometryCache (350)
[2019.04.01-09.53.24:049][461]LogModuleManager: Shutting down and abandoning module GeometryCacheEd (349)
[2019.04.01-09.53.24:049][461]LogModuleManager: Shutting down and abandoning module VariantManagerContent (344)
[2019.04.01-09.53.24:049][461]LogModuleManager: Shutting down and abandoning module DatasmithContentEditor (342)
[2019.04.01-09.53.24:049][461]LogModuleManager: Shutting down and abandoning module SpeedTreeImporter (340)
[2019.04.01-09.53.24:049][461]LogModuleManager: Shutting down and abandoning module PluginBrowser (338)
[2019.04.01-09.53.24:052][461]LogModuleManager: Shutting down and abandoning module MobileLauncherProfileWizard (336)
[2019.04.01-09.53.24:053][461]LogModuleManager: Shutting down and abandoning module PolygonModeling (334)
[2019.04.01-09.53.24:053][461]LogModuleManager: Shutting down and abandoning module MeshEditor (332)
[2019.04.01-09.53.24:054][461]LogModuleManager: Shutting down and abandoning module EditorScriptingUtilities (330)
[2019.04.01-09.53.24:054][461]LogModuleManager: Shutting down and abandoning module CryptoKeysOpenSSL (328)
[2019.04.01-09.53.24:054][461]LogModuleManager: Shutting down and abandoning module CryptoKeys (326)
[2019.04.01-09.53.24:054][461]LogModuleManager: Shutting down and abandoning module VisualStudioSourceCodeAccess (324)
[2019.04.01-09.53.24:054][461]LogModuleManager: Shutting down and abandoning module VisualStudioCodeSourceCodeAccess (322)
[2019.04.01-09.53.24:054][461]LogModuleManager: Shutting down and abandoning module UObjectPlugin (320)
[2019.04.01-09.53.24:054][461]LogModuleManager: Shutting down and abandoning module SubversionSourceControl (318)
[2019.04.01-09.53.24:055][461]LogModuleManager: Shutting down and abandoning module PerforceSourceControl (316)
[2019.04.01-09.53.24:058][461]LogModuleManager: Shutting down and abandoning module GitSourceControl (314)
[2019.04.01-09.53.24:060][461]LogModuleManager: Shutting down and abandoning module SourceControl (313)
[2019.04.01-09.53.24:060][461]LogModuleManager: Shutting down and abandoning module CLionSourceCodeAccess (310)
[2019.04.01-09.53.24:060][461]LogModuleManager: Shutting down and abandoning module ActorLayerUtilitiesEditor (308)
[2019.04.01-09.53.24:060][461]LogModuleManager: Shutting down and abandoning module ActorLayerUtilities (306)
[2019.04.01-09.53.24:060][461]LogModuleManager: Shutting down and abandoning module LightPropagationVolumeEditor (304)
[2019.04.01-09.53.24:060][461]LogModuleManager: Shutting down and abandoning module PaperTiledImporter (302)
[2019.04.01-09.53.24:060][461]LogModuleManager: Shutting down and abandoning module PaperSpriteSheetImporter (300)
[2019.04.01-09.53.24:061][461]LogModuleManager: Shutting down and abandoning module Paper2DEditor (298)
[2019.04.01-09.53.24:062][461]LogModuleManager: Shutting down and abandoning module MeshPaint (297)
[2019.04.01-09.53.24:062][461]LogModuleManager: Shutting down and abandoning module RuntimePhysXCooking (294)
[2019.04.01-09.53.24:062][461]LogModuleManager: Shutting down and abandoning module PhysXVehiclesEditor (292)
[2019.04.01-09.53.24:062][461]LogModuleManager: Shutting down and abandoning module PhysXVehicles (290)
[2019.04.01-09.53.24:062][461]LogModuleManager: Shutting down and abandoning module OculusEditor (288)
[2019.04.01-09.53.24:063][461]LogModuleManager: Shutting down and abandoning module LocationServicesBPLibrary (286)
[2019.04.01-09.53.24:063][461]LogModuleManager: Shutting down and abandoning module ActorSequence (284)
[2019.04.01-09.53.24:063][461]LogModuleManager: Shutting down and abandoning module UdpMessaging (282)
[2019.04.01-09.53.24:164][461]LogModuleManager: Shutting down and abandoning module TcpMessaging (280)
[2019.04.01-09.53.24:272][461]LogModuleManager: Shutting down and abandoning module MagicLeapAudio (278)
[2019.04.01-09.53.24:272][461]LogModuleManager: Shutting down and abandoning module GameplayTagsEditor (276)
[2019.04.01-09.53.24:279][461]LogModuleManager: Shutting down and abandoning module FacialAnimationEditor (274)
[2019.04.01-09.53.24:279][461]LogModuleManager: Shutting down and abandoning module FacialAnimation (272)
[2019.04.01-09.53.24:279][461]LogModuleManager: Shutting down and abandoning module DataValidation (270)
[2019.04.01-09.53.24:279][461]LogModuleManager: Shutting down and abandoning module AssetManagerEditor (268)
[2019.04.01-09.53.24:280][461]LogModuleManager: Shutting down and abandoning module LevelEditor (267)
[2019.04.01-09.53.24:281][461]LogModuleManager: Shutting down and abandoning module PixelInspectorModule (266)
[2019.04.01-09.53.24:282][461]LogModuleManager: Shutting down and abandoning module CommonMenuExtensions (264)
[2019.04.01-09.53.24:282][461]LogModuleManager: Shutting down and abandoning module MainFrame (262)
[2019.04.01-09.53.24:282][461]LogModuleManager: Shutting down and abandoning module HotReload (261)
[2019.04.01-09.53.24:283][461]LogModuleManager: Shutting down and abandoning module ContentBrowser (257)
[2019.04.01-09.53.24:284][461]LogModuleManager: Shutting down and abandoning module TreeMap (255)
[2019.04.01-09.53.24:284][461]LogModuleManager: Shutting down and abandoning module LightPropagationVolumeRuntime (252)
[2019.04.01-09.53.24:284][461]LogModuleManager: Shutting down and abandoning module AISupportModule (250)
[2019.04.01-09.53.24:284][461]LogModuleManager: Shutting down and abandoning module Paper2D (248)
[2019.04.01-09.53.24:284][461]LogModuleManager: Shutting down and abandoning module WindowsMoviePlayer (246)
[2019.04.01-09.53.24:285][461]LogModuleManager: Shutting down and abandoning module WebMMoviePlayer (244)
[2019.04.01-09.53.24:285][461]LogModuleManager: Shutting down and abandoning module WmfMedia (242)
[2019.04.01-09.53.24:287][461]LogModuleManager: Shutting down and abandoning module Media (241)
[2019.04.01-09.53.24:293][461]LogModuleManager: Shutting down and abandoning module PacketHandler (238)
[2019.04.01-09.53.24:293][461]LogModuleManager: Shutting down and abandoning module ClothingSystemEditor (236)
[2019.04.01-09.53.24:293][461]LogModuleManager: Shutting down and abandoning module ClothingSystemRuntime (234)
[2019.04.01-09.53.24:294][461]LogModuleManager: Shutting down and abandoning module MediaAssets (232)
[2019.04.01-09.53.24:294][461]LogModuleManager: Shutting down and abandoning module Overlay (230)
[2019.04.01-09.53.24:294][461]LogModuleManager: Shutting down and abandoning module OverlayEditor (229)
[2019.04.01-09.53.24:294][461]LogModuleManager: Shutting down and abandoning module VREditor (226)
[2019.04.01-09.53.24:295][461]LogModuleManager: Shutting down and abandoning module StringTableEditor (224)
[2019.04.01-09.53.24:295][461]LogModuleManager: Shutting down and abandoning module GameplayTasksEditor (222)
[2019.04.01-09.53.24:295][461]LogModuleManager: Shutting down and abandoning module BehaviorTreeEditor (220)
[2019.04.01-09.53.24:297][461]LogModuleManager: Shutting down and abandoning module FunctionalTesting (218)
[2019.04.01-09.53.24:298][461]LogModuleManager: Shutting down and abandoning module CollisionAnalyzer (216)
[2019.04.01-09.53.24:299][461]LogModuleManager: Shutting down and abandoning module WorkspaceMenuStructure (215)
[2019.04.01-09.53.24:299][461]LogModuleManager: Shutting down and abandoning module UMG (212)
[2019.04.01-09.53.24:299][461]LogModuleManager: Shutting down and abandoning module UMGEditor (211)
[2019.04.01-09.53.24:301][461]LogModuleManager: Shutting down and abandoning module Sequencer (210)
[2019.04.01-09.53.24:304][461]LogModuleManager: Shutting down and abandoning module MessageLog (207)
[2019.04.01-09.53.24:304][461]LogModuleManager: Shutting down and abandoning module SlateReflector (202)
[2019.04.01-09.53.24:306][461]LogModuleManager: Shutting down and abandoning module Slate (200)
[2019.04.01-09.53.24:306][461]LogModuleManager: Shutting down and abandoning module EditorStyle (198)
[2019.04.01-09.53.24:307][461]LogModuleManager: Shutting down and abandoning module MRMesh (196)
[2019.04.01-09.53.24:307][461]LogModuleManager: Shutting down and abandoning module SourceCodeAccess (194)
[2019.04.01-09.53.24:307][461]LogModuleManager: Shutting down and abandoning module HeadMountedDisplay (192)
[2019.04.01-09.53.24:307][461]LogModuleManager: Shutting down and abandoning module XAudio2 (190)
[2019.04.01-09.53.24:307][461]LogModuleManager: Shutting down and abandoning module Networking (188)
[2019.04.01-09.53.24:307][461]LogModuleManager: Shutting down and abandoning module Core (186)
[2019.04.01-09.53.24:307][461]LogModuleManager: Shutting down and abandoning module LevelSequence (184)
[2019.04.01-09.53.24:307][461]LogModuleManager: Shutting down and abandoning module KismetCompiler (182)
[2019.04.01-09.53.24:307][461]LogModuleManager: Shutting down and abandoning module MeshUtilities (180)
[2019.04.01-09.53.24:308][461]LogModuleManager: Shutting down and abandoning module MeshMergeUtilities (179)
[2019.04.01-09.53.24:309][461]LogModuleManager: Shutting down and abandoning module MeshReductionInterface (178)
[2019.04.01-09.53.24:309][461]LogModuleManager: Shutting down and abandoning module SimplygonSwarm (177)
[2019.04.01-09.53.24:309][461]LogModuleManager: Shutting down and abandoning module ProxyLODMeshReduction (175)
[2019.04.01-09.53.24:310][461]LogModuleManager: Shutting down and abandoning module SimplygonMeshReduction (173)
[2019.04.01-09.53.24:310][461]LogModuleManager: Shutting down and abandoning module QuadricMeshReduction (171)
[2019.04.01-09.53.24:310][461]LogModuleManager: Shutting down and abandoning module MaterialBaking (167)
[2019.04.01-09.53.24:311][461]LogModuleManager: Shutting down and abandoning module DirectoryWatcher (163)
[2019.04.01-09.53.24:312][461]LogModuleManager: Shutting down and abandoning module DerivedDataCache (160)
[2019.04.01-09.53.24:388][461]LogDerivedDataCache: Shutdown
[2019.04.01-09.53.24:388][461]LogModuleManager: Shutting down and abandoning module XGEController (158)
[2019.04.01-09.53.24:395][461]LogXGEController: Cleaning working directory: C:/Users/Luc/AppData/Local/Temp/UnrealXGEWorkingDir/
[2019.04.01-09.53.24:396][461]LogModuleManager: Shutting down and abandoning module TargetPlatform (156)
[2019.04.01-09.53.24:396][461]LogModuleManager: Shutting down and abandoning module VulkanShaderFormat (155)
[2019.04.01-09.53.24:396][461]LogModuleManager: Shutting down and abandoning module ShaderFormatVectorVM (153)
[2019.04.01-09.53.24:397][461]LogModuleManager: Shutting down and abandoning module ShaderFormatOpenGL (151)
[2019.04.01-09.53.24:397][461]LogModuleManager: Shutting down and abandoning module ShaderFormatD3D (149)
[2019.04.01-09.53.24:397][461]LogModuleManager: Shutting down and abandoning module MetalShaderFormat (147)
[2019.04.01-09.53.24:398][461]LogModuleManager: Shutting down and abandoning module TextureFormatUncompressed (145)
[2019.04.01-09.53.24:398][461]LogModuleManager: Shutting down and abandoning module TextureFormatPVR (143)
[2019.04.01-09.53.24:398][461]LogModuleManager: Shutting down and abandoning module TextureFormatDXT (141)
[2019.04.01-09.53.24:399][461]LogModuleManager: Shutting down and abandoning module TextureFormatIntelISPCTexComp (139)
[2019.04.01-09.53.24:399][461]LogModuleManager: Shutting down and abandoning module TextureFormatASTC (137)
[2019.04.01-09.53.24:399][461]LogModuleManager: Shutting down and abandoning module ImageWrapper (136)
[2019.04.01-09.53.24:399][461]LogModuleManager: Shutting down and abandoning module TextureFormatAndroid (133)
[2019.04.01-09.53.24:399][461]LogModuleManager: Shutting down and abandoning module AudioFormatOpus (131)
[2019.04.01-09.53.24:400][461]LogModuleManager: Shutting down and abandoning module AudioFormatOgg (129)
[2019.04.01-09.53.24:400][461]LogModuleManager: Shutting down and abandoning module AudioFormatADPCM (127)
[2019.04.01-09.53.24:400][461]LogModuleManager: Shutting down and abandoning module LuminTargetPlatform (125)
[2019.04.01-09.53.24:401][461]LogModuleManager: Shutting down and abandoning module LinuxTargetPlatform (123)
[2019.04.01-09.53.24:401][461]LogModuleManager: Shutting down and abandoning module LinuxServerTargetPlatform (121)
[2019.04.01-09.53.24:401][461]LogModuleManager: Shutting down and abandoning module LinuxNoEditorTargetPlatform (119)
[2019.04.01-09.53.24:401][461]LogModuleManager: Shutting down and abandoning module LinuxClientTargetPlatform (117)
[2019.04.01-09.53.24:401][461]LogModuleManager: Shutting down and abandoning module TVOSTargetPlatform (115)
[2019.04.01-09.53.24:402][461]LogModuleManager: Shutting down and abandoning module Messaging (113)
[2019.04.01-09.53.24:402][461]LogModuleManager: Shutting down and abandoning module IOSTargetPlatform (111)
[2019.04.01-09.53.24:403][461]LogModuleManager: Shutting down and abandoning module HTML5TargetPlatform (109)
[2019.04.01-09.53.24:403][461]LogModuleManager: Shutting down and abandoning module AndroidTargetPlatform (107)
[2019.04.01-09.53.24:408][461]LogModuleManager: Shutting down and abandoning module WindowsTargetPlatform (105)
[2019.04.01-09.53.24:408][461]LogModuleManager: Shutting down and abandoning module WindowsServerTargetPlatform (103)
[2019.04.01-09.53.24:408][461]LogModuleManager: Shutting down and abandoning module WindowsNoEditorTargetPlatform (101)
[2019.04.01-09.53.24:408][461]LogModuleManager: Shutting down and abandoning module WindowsClientTargetPlatform (99)
[2019.04.01-09.53.24:408][461]LogModuleManager: Shutting down and abandoning module MacTargetPlatform (97)
[2019.04.01-09.53.24:408][461]LogModuleManager: Shutting down and abandoning module MacServerTargetPlatform (95)
[2019.04.01-09.53.24:408][461]LogModuleManager: Shutting down and abandoning module MacNoEditorTargetPlatform (93)
[2019.04.01-09.53.24:408][461]LogModuleManager: Shutting down and abandoning module MacClientTargetPlatform (91)
[2019.04.01-09.53.24:408][461]LogModuleManager: Shutting down and abandoning module AllDesktopTargetPlatform (89)
[2019.04.01-09.53.24:408][461]LogModuleManager: Shutting down and abandoning module InputCore (86)
[2019.04.01-09.53.24:408][461]LogModuleManager: Shutting down and abandoning module Settings (84)
[2019.04.01-09.53.24:408][461]LogModuleManager: Shutting down and abandoning module PhysXCooking (82)
[2019.04.01-09.53.24:408][461]LogModuleManager: Shutting down and abandoning module SteamVR (80)
[2019.04.01-09.53.24:409][461]LogHMD: Freeing OpenVRDLLHandle.
[2019.04.01-09.53.24:409][461]LogModuleManager: Shutting down and abandoning module OculusHMD (78)
[2019.04.01-09.53.24:409][461]LogModuleManager: Shutting down and abandoning module ExampleDeviceProfileSelector (76)
[2019.04.01-09.53.24:409][461]LogModuleManager: Shutting down and abandoning module LauncherChunkInstaller (74)
[2019.04.01-09.53.24:409][461]LogModuleManager: Shutting down and abandoning module OnlineBlueprintSupport (72)
[2019.04.01-09.53.24:409][461]LogModuleManager: Shutting down and abandoning module OnlineSubsystem (68)
[2019.04.01-09.53.24:411][461]LogModuleManager: Shutting down and abandoning module XMPP (63)
[2019.04.01-09.53.24:413][461]LogModuleManager: Shutting down and abandoning module WebSockets (62)
[2019.04.01-09.53.24:426][461]LogModuleManager: Shutting down and abandoning module HTTP (59)
[2019.04.01-09.53.24:426][461]LogHttp: Display: Http module shutting down, but needs to wait on 1 outstanding Http requests:
[2019.04.01-09.53.24:426][461]LogHttp: Display: 	verb=[POST] url=[https://datarouter.ol.epicgames.com/datarouter/api/v1/public/data?SessionID=%7B6901DC13-4723-1CAE-BB43-9EAFBCCB400C%7D&AppID=UEEditor.Rocket.Release&AppVersion=4.21.2-4753647%2B%2B%2BUE4%2BRelease-4.21&UserID=1f0553ad403ad417c2d26cb34ad408d3%7Cdaa72e32e1694839bba7e95c0192eea5%7C19428abf-63b1-4a2b-b3aa-793f0c5622ac&AppEnvironment=datacollector-binary&UploadType=eteventstream] status=Processing
[2019.04.01-09.53.24:453][461]LogModuleManager: Shutting down and abandoning module SSL (58)
[2019.04.01-09.53.24:454][461]LogModuleManager: Shutting down and abandoning module MagicLeapIdentity (54)
[2019.04.01-09.53.24:454][461]LogModuleManager: Shutting down and abandoning module MagicLeapHelperVulkan (52)
[2019.04.01-09.53.24:454][461]LogModuleManager: Shutting down and abandoning module MagicLeapHelperOpenGL (50)
[2019.04.01-09.53.24:454][461]LogModuleManager: Shutting down and abandoning module MagicLeapSecureStorage (48)
[2019.04.01-09.53.24:454][461]LogModuleManager: Shutting down and abandoning module MagicLeapHandTracking (46)
[2019.04.01-09.53.24:454][461]LogModuleManager: Shutting down and abandoning module MagicLeapEyeTracker (44)
[2019.04.01-09.53.24:454][461]LogModuleManager: Shutting down and abandoning module MagicLeapController (42)
[2019.04.01-09.53.24:454][461]LogSlate: Slate User Destroyed.  User Index 0, Is Virtual User: 0
[2019.04.01-09.53.24:454][461]LogModuleManager: Shutting down and abandoning module MagicLeap (40)
[2019.04.01-09.53.24:455][461]LogModuleManager: Shutting down and abandoning module DatasmithContent (38)
[2019.04.01-09.53.24:456][461]LogModuleManager: Shutting down and abandoning module AnimationModifiers (36)
[2019.04.01-09.53.24:458][461]LogModuleManager: Shutting down and abandoning module PropertyEditor (35)
[2019.04.01-09.53.24:458][461]LogModuleManager: Shutting down and abandoning module AudioEditor (32)
[2019.04.01-09.53.24:459][461]LogModuleManager: Shutting down and abandoning module TextureCompressor (30)
[2019.04.01-09.53.24:460][461]LogModuleManager: Shutting down and abandoning module ShaderCore (28)
[2019.04.01-09.53.24:460][461]LogModuleManager: Shutting down and abandoning module Landscape (26)
[2019.04.01-09.53.24:460][461]LogModuleManager: Shutting down and abandoning module SlateRHIRenderer (24)
[2019.04.01-09.53.24:461][461]LogModuleManager: Shutting down and abandoning module OpenGLDrv (22)
[2019.04.01-09.53.24:462][461]LogModuleManager: Shutting down and abandoning module D3D11RHI (20)
[2019.04.01-09.53.24:462][461]LogModuleManager: Shutting down and abandoning module AnimGraphRuntime (18)
[2019.04.01-09.53.24:463][461]LogModuleManager: Shutting down and abandoning module Renderer (16)
[2019.04.01-09.53.24:463][461]LogModuleManager: Shutting down and abandoning module Engine (14)
[2019.04.01-09.53.24:463][461]LogModuleManager: Shutting down and abandoning module CoreUObject (12)
[2019.04.01-09.53.24:463][461]LogModuleManager: Shutting down and abandoning module NetworkFile (10)
[2019.04.01-09.53.24:463][461]LogModuleManager: Shutting down and abandoning module CookedIterativeFile (8)
[2019.04.01-09.53.24:464][461]LogModuleManager: Shutting down and abandoning module StreamingFile (6)
[2019.04.01-09.53.24:464][461]LogModuleManager: Shutting down and abandoning module SandboxFile (4)
[2019.04.01-09.53.24:464][461]LogModuleManager: Shutting down and abandoning module PakFile (2)
[2019.04.01-09.53.24:469][461]LogExit: Exiting.
[2019.04.01-09.53.24:486][461]Log file closed, 04/01/19 11:53:24
